490490 509510 0
517716 482284 0
520323 479677 0
489708 510292 0
498089 501911 0
505220 494780 0
508384 491616 0
513413 486587 0
504021 495979 0
503574 496426 0
518006 481994 0
500848 499152 0
523011 476989 0
507360 492640 0
507974 492026 0
523421 476579 0
522222 477778 0
523860 476140 0
509948 490052 0
503888 496112 0
512404 487596 0
497459 502541 0
502994 497006 0
507317 492683 0
495726 504274 0
498911 501089 0
497279 502721 0
482551 517449 0
506633 493367 0
517646 482354 0
511755 488245 0
511156 488844 0
465907 534093 0
478730 521270 0
501523 498477 0
508999 491001 0
495859 504141 0
525776 474224 0
489326 510674 0
514042 485958 0
478410 521590 0
506992 493008 0
501661 498339 0
524144 475856 0
508861 491139 0
497118 502882 0
480282 519718 0
509109 490891 0
491736 508264 0
489052 510948 0
486678 513322 0
497853 502147 0
488681 511319 0
469798 530202 0
495943 504057 0
499234 500766 0
495435 504565 0
510786 489214 0
503116 496884 0
510777 489223 0
484076 515924 0
489613 510387 0
506833 493167 0
503962 496038 0
495336 504664 0
518846 481154 0
489990 510010 0
508209 491791 0
472701 527299 0
483637 516363 0
496308 503692 0
474982 525018 0
491102 508898 0
496722 503278 0
512866 487134 0
512820 487180 0
488796 511204 0
488696 511304 0
481121 518879 0
488827 511173 0
474298 525702 0
510672 489328 0
495323 504677 0
504849 495151 0
489410 510590 0
498253 501747 0
485412 514588 0
501676 498324 0
494194 505806 0
493686 506314 0
505181 494819 0
494379 505621 0
468560 531440 0
497209 502791 0
512633 487367 0
501817 498183 0
512302 487698 0
493451 506549 0
509137 490863 0
486497 513503 0
50290667 49709333 0
50503782 49496217 1
49514083 50485917 0
49400074 50599926 0
50515696 49484304 0
50631760 49368240 0
50481768 49518232 0
49701286 50298714 0
50200416 49799584 0
50942079 49057921 0
4991964654 5008035337 9
5026011363 4973988623 14
4997178063 5002821927 10
4978622156 5021377836 8
4998655581 5001344406 13
5019681994 4980317998 8
4981603689 5018396301 10
5002996743 4997003247 10
5007037350 4992962645 5
5012067265 4987932725 10
1 0 0
1 1 0
0 2 0
5 2 2
0 0 9
9 0 0
0 9 0
3 3 3
2383000000 0 7617000000
