2
10
211623583
0
0
400202556
967694746
713268341
0
864604950
45778422
50848433
173966863
417896443
116725793
892999751
162456694
945298454
141335257
997959331
397559482
966621392
955244687
906736240
713884235
6388054
20213396
410413951
457160147
36928536
63776267
254156902
0
64197952
469977560
20695401
242617562
113029767
44727439
148789198
489061625
909123241
3480456
823674030
65098022
938910394
369182111
1744285
136329160
24771072
567087447
0
52507394
4505380
9087546
122861
3237450
13791808
3039598
7546422
11792094
8659936
6556957
100000
9999
9999
9999
9999
9999
9999
9999
9999
9999
9999
9999
9999
9999
9999
9999
9999
9999
9999
9999
9999
9999
9999
9999
9999
9999
9999
9999
9999
9999
9999
9999
9999
9999
9999
9999
9999
9999
9999
9999
9999
9999
9999
9999
9999
