360.00
125.00
7500.00
52416.00
10101.00
3496.50
36864.00
1911.00
47092.50
60000.00
3564.00
104880.00
105228.00
33210.00
147231.00
112200.00
1386.00
73892.00
4620.00
35690.00
49062.00
14592.00
17328.00
23373.00
319770.00
66066.00
46746.00
21620.00
18960.00
60040.00
742797.00
23370.00
73260.00
12571.50
506583.00
3604.00
38610.00
15200.00
20944.00
124179.00
257796.00
169575.00
12096.00
8220.00
115668.00
185767.50
99975.00
115000.00
180427.50
8784.00
17537.00
1092.00
12276.00
56304.00
269808.00
167580.00
144313.50
4485.00
3280.50
132500.00
128719.50
508200.00
84525.00
81217.50
86062.50
276276.00
71208.00
200928.00
202702.50
133770.00
40326.00
12919.50
127200.00
42746.00
49590.00
264404.00
15457.00
144300.00
63875.00
93600.00
51475.50
96768.00
207552.00
143127.00
35424.00
113230.00
1755.00
37268.00
10935.00
335160.00
3762.00
6216.00
24570.00
34492.50
17755.50
219511.00
91698.00
90768.00
10659.00
12544.00
535040.00
24596.00
2320.00
18742.50
123970.00
35100.00
13800.00
8085.00
204672.00
6909.00
48000.00
57684.00
22680.00
532042.00
27560.00
30996.00
25620.00
68628.00
85120.00
258552.00
131898.00
464572.00
11880.00
117800.00
147204.00
278460.00
317955.00
124915.00
30250.50
5203.00
34132.00
3096.00
66300.00
90909.00
313950.00
181687.50
5880.00
1190.00
8806.50
257580.00
22800.00
271656.00
180608.00
160500.00
36965.50
113190.00
185925.00
8120.00
37230.00
85932.00
15655.00
206910.00
10982.00
3400.00
32604.00
70875.00
145089.00
146832.00
100737.00
52026.00
2280.00
153300.00
37422.00
8514.00
362355.00
117079.00
10752.00
23100.00
79632.00
4554.00
64827.00
64416.00
135360.00
2688.00
34200.00
286065.00
31680.00
8235.00
2340.00
124950.00
198660.00
41820.00
279214.50
588.00
37125.00
175824.00
32665.50
89034.00
133866.00
13416.00
66792.00
152208.00
8118.00
67298.00
312984.00
75680.00
81900.00
55500.00
257180.00
136710.00
11880.00
329175.00
63210.00
197400.00
336960.00
19980.00
2916.00
116620.00
14448.00
381024.00
5500.00
106097.00
11960.00
25740.00
1044.00
110500.00
71706.00
11252.00
323783.00
52998.00
40500.00
36225.00
11232.00
65812.50
21896.00
257300.00
84252.00
15372.00
201285.00
92496.00
57640.00
7128.00
76704.00
21685.50
13356.00
127465.00
10680.00
96866.00
297675.00
6156.00
31320.00
23040.00
74704.00
48048.00
332856.00
17094.00
1720.00
245016.00
102752.00
245812.50
17860.00
14850.00
326065.50
63745.00
18360.00
9504.00
46860.00
14652.00
23558.50
13608.00
45864.00
20878.00
64827.00
69006.00
34155.00
714096.00
12350.00
7820.00
195426.00
106260.00
165088.00
72576.00
252909.00
25200.00
53200.00
42504.00
178951.50
12750.00
46552.00
162690.00
490577.50
244020.00
34850.00
17100.00
64350.00
168490.00
35437.50
83731.00
1134.00
5616.00
11220.00
299782.00
1062.00
1380.00
284616.00
43560.00
1770.00
40687.50
28600.00
71744.00
10416.00
256410.00
171985.00
37518.00
26505.00
96096.00
135520.00
30030.00
9000.00
133893.00
349137.50
153153.00
37062.00
23328.00
100567.00
100395.00
220428.00
108558.00
26712.00
95400.00
6930.00
130995.00
1504.00
77122.50
125050.00
236436.00
2016.00
151704.00
34992.00
18900.00
153088.00
40194.00
8972.50
20631.00
86856.00
74520.00
48165.00
62244.00
159471.00
28764.00
143937.50
92017.00
10241.00
165186.00
158775.00
36498.00
10584.00
35742.00
37207.50
312912.00
7917.00
43608.00
21866.00
6656.00
58140.00
251370.00
3432.00
95810.00
26600.00
101920.50
46299.00
192200.00
164000.00
3162.00
79248.00
21879.00
264600.00
39689.00
347355.00
117216.00
34937.00
63756.00
85008.00
40800.00
16390.00
80910.00
189392.00
40584.00
38940.00
648956.00
87420.00
52452.00
34848.00
10500.00
132300.00
118503.00
353565.00
10500.00
239324.00
98021.00
1897.50
284321.00
55744.00
39688.00
8060.00
125290.00
6075.00
45045.00
230888.00
78120.00
1872.00
26433.00
26316.00
182452.50
56544.00
71300.00
23478.00
24360.00
39168.00
128310.00
78432.00
19631.50
17595.00
882.00
35700.00
139308.00
4340.00
188136.00
27648.00
504900.00
372006.00
11132.00
19965.00
41175.00
21384.00
61941.50
50820.00
64260.00
101376.00
7560.00
57190.00
27202.50
76041.00
22176.00
72200.00
4620.00
310825.50
54027.00
142107.00
96876.00
63210.00
60705.00
18025.00
100320.00
166152.00
60217.50
66885.00
57715.00
45600.00
150306.00
1530.00
111600.00
8640.00
100500.00
99792.00
88452.00
97850.00
124852.00
7320.00
3519.00
202500.00
44840.00
229632.00
37962.00
102602.50
46970.00
426.00
266490.00
450.00
467072.00
192582.50
11400.00
27404.00
26845.00
141600.00
22540.00
19943.00
6566.00
5607.00
27683.00
213300.00
26975.00
44833.50
157950.00
268320.00
93632.00
83220.00
116296.50
70525.00
102382.50
130152.00
114266.00
52912.50
51597.00
1232.00
107677.00
2688.00
24403.50
517275.00
234982.50
1375.00
135000.00
3645.00
185640.00
223665.00
5060.00
44132.00
26350.00
31816.00
18634.00
8721.00
36234.00
33024.00
18144.00
43120.00
240720.00
24272.00
580642.00
108976.00
231264.00
47300.00
332024.00
24200.00
41172.00
630.00
30912.00
372096.00
44304.00
2352.00
304290.00
87500.00
23205.00
90630.00
33772.50
80948.00
31980.00
2560.00
2436.00
2904.00
2384.00
69184.00
7560.00
3456.00
93982.00
126360.00
11457.00
176700.00
56160.00
8580.00
37516.00
18553.50
17325.00
10836.00
90816.00
5850.00
400246.00
9933.00
73800.00
37932.00
350595.00
264880.00
164241.00
214411.50
160888.00
55545.00
239481.00
194832.00
10552.50
44100.00
89267.00
52920.00
53280.00
5250.00
20650.00
52164.00
22448.00
141183.00
36666.00
100567.50
61050.00
98800.00
2535.00
302659.50
2584.00
8729.00
72865.00
456807.50
346.50
27060.00
735000.00
327600.00
461970.00
38335.00
31711.50
20962.50
16720.00
139564.00
25479.00
39072.00
54219.00
287550.00
13904.00
13440.00
7566.00
27047.00
23256.00
49632.00
257054.00
22275.00
117216.00
12285.00
64124.00
2301.00
3928.50
56760.00
152720.00
66234.00
42849.00
2592.00
115537.50
86623.50
188500.00
28260.00
283200.00
49140.00
86240.00
6461.00
560.00
397761.00
4108.50
8730.00
740.00
936.00
3080.00
78260.00
248976.00
465349.50
37908.00
76050.00
57596.00
53070.00
2280.00
81780.00
36225.00
80.50
204768.00
45337.50
184575.00
1058.00
252588.00
27300.00
9450.00
9072.00
216302.00
204204.00
38745.00
283968.00
6240.00
35040.00
16368.00
15808.00
116.00
6194.00
496860.00
173250.00
22950.00
17670.00
36750.00
13115.00
1472.00
143684.50
576.00
137256.00
52000.00
137016.00
33099.00
141658.00
157932.00
8930.00
7560.00
11844.00
390339.00
575190.00
47302.50
123500.00
61614.00
202354.00
3416.00
13552.00
188500.00
14310.00
26448.00
104643.00
134750.00
107844.00
4692.00
63000.00
24111.00
66953.00
241661.00
5250.00
22.00
32400.00
89146.00
35392.50
477477.00
72930.00
16330.00
1280.00
49686.00
127926.00
42336.00
96876.00
477120.00
36905.00
49300.00
30100.00
5358.00
54188.00
32376.00
180000.00
12000.00
149683.50
24845.50
200655.00
172480.00
15087.50
24354.00
9000.00
372.00
22400.00
319056.00
6552.00
28160.00
2900.00
115872.00
15250.00
6084.00
80640.00
877.50
21888.00
139045.50
142974.00
111397.00
55275.00
106260.00
6808.00
113288.00
168072.00
57000.00
32472.00
35264.00
47151.00
46410.00
49210.00
268735.50
488852.00
180075.00
28665.00
43428.00
7686.00
326700.00
102600.00
363132.00
8162.00
405526.50
55027.50
76440.00
26013.00
45220.00
5180.00
12922.00
174.00
106210.00
25636.00
2508.00
37630.00
137700.00
56108.00
91000.50
11088.00
7486.50
171000.00
149310.00
164052.00
6864.00
212520.00
85550.00
185625.00
2550.00
10935.00
336105.00
154050.00
25920.00
2079.00
107250.00
150930.00
58590.00
12714.00
579215.00
51304.00
96560.00
345.00
153252.00
52785.00
37950.00
214.50
6324.00
14640.00
33480.00
4312.00
45066.00
883.50
11662.00
207669.00
67200.00
393120.00
66736.00
11375.00
33165.00
840.00
113760.00
23409.00
9632.00
6555.00
7314.00
77441.00
518880.00
147345.00
13806.00
14508.00
39960.00
491400.00
23780.00
16128.00
46502.50
20825.00
92920.00
28512.00
238056.00
101332.00
3430.00
65826.00
403340.00
167670.00
500976.00
46144.00
343661.50
70176.00
102960.00
10584.00
163881.50
12180.00
456000.00
344565.00
326800.00
22400.00
10685.50
199430.00
119130.00
43758.00
296141.00
59290.00
45696.00
213286.50
166320.00
433608.00
140250.00
68008.50
49929.00
192576.00
1722.00
12960.00
1045.50
38584.00
252681.00
38318.00
195976.00
180.50
15308.00
5148.00
30240.00
62776.00
125482.50
539.00
432.00
235152.00
64155.00
5865.00
60075.00
18687.50
204288.00
434976.00
11067.00
20233.50
157285.50
202032.00
72270.00
180908.00
85500.00
6734.00
146520.00
56311.50
7522.50
57904.00
487200.00
41917.50
77512.50
16929.00
94395.00
64491.00
149408.00
185850.00
1288.00
19350.00
167936.00
31590.00
81270.00
15750.00
14592.00
3108.00
192192.00
152280.00
390022.50
113157.00
5440.00
36480.00
37950.00
273429.00
34735.50
95782.50
1209.00
58114.50
24480.00
108489.00
50076.00
7808.00
161398.00
81536.00
2030.00
260337.00
167508.00
51324.00
63658.50
68542.50
9450.00
422370.00
182248.00
421430.00
53613.00
15351.00
21217.50
600.00
324.00
76360.00
19734.00
9240.00
154962.50
23680.00
54229.00
51714.00
34357.00
21157.50
46585.00
6384.00
37801.50
221413.50
221904.00
138805.00
137547.00
157542.00
332424.00
163800.00
41172.00
188000.00
19458.00
64000.00
9500.00
185.50
101920.00
335271.00
985.50
42000.00
14220.00
59532.00
3300.00
8190.00
43616.00
407680.00
184558.50
104500.00
307500.00
36830.00
225570.00
15592.50
221850.00
10790.00
92664.00
32257.50
44548.00
16500.00
5130.00
140454.00
27825.00
180600.00
1260.00
25410.00
26316.00
93280.00
122640.00
2392.00
194400.00
15361.50
3008.00
6844.50
28800.00
93312.00
304980.00
586.50
38016.00
51282.00
206625.00
207646.00
196560.00
2448.00
244608.00
4929.00
156.00
44400.00
15876.00
110808.00
17024.00
84645.00
129720.00
108822.50
31328.00
40362.00
66622.50
12936.00
28704.00
32984.00
276192.00
2014.50
1274.00
426790.00
116963.00
60840.00
36072.00
236034.00
1924.00
714384.00
4560.00
118592.00
29638.00
14326.00
287100.00
8167.50
126945.00
144400.00
15480.00
166408.00
247863.00
70720.00
168064.00
78890.00
4959.00
24514.00
31320.00
84084.00
15342.50
298584.00
282348.00
52500.00
49410.00
93957.50
52640.00
515088.00
37345.00
76560.00
5292.00
41652.00
111112.00
288508.00
497200.00
15675.00
33669.00
94772.00
25160.00
1682.00
18216.00
266250.00
14070.00
180565.50
44044.00
169728.00
35700.00
33600.00
18963.00
16800.00
23275.00
173900.00
594223.00
275310.00
332949.00
6600.00
324597.00
30030.00
17784.00
19646.00
227431.50
239400.00
10965.00
6815.00
5520.00
39060.00
164395.00
84216.00
4752.00
33280.00
55728.00
55332.00
26010.00
68310.00
145426.00
19157.50
6300.00
64165.50
151962.00
14487.50
243236.00
25480.00
216480.00
4557.00
11850.00
14100.00
27135.00
60.00
62244.00
36720.00
11040.00
2256.00
21546.00
30492.00
70380.00
55499.00
350064.00
160650.00
353557.50
3840.00
232320.00
108108.00
92496.00
18772.00
48843.00
123210.00
108192.00
4350.00
12480.00
291637.50
16380.00
24795.00
197743.00
430492.50
469577.00
34500.00
313040.00
2982.00
275730.00
21217.50
13216.50
34827.00
193500.00
181632.00
529327.50
136000.00
18228.00
20592.00
264264.00
114868.00
35100.00
162184.00
44631.00
23688.50
9021.00
148896.00
98952.00
176400.00
3384.00
70713.00
51357.00
132124.00
91162.50
90200.00
54150.00
32760.00
146529.00
134640.00
98490.00
33152.00
35945.00
48790.00
32886.00
37632.00
348.00
236775.00
15840.00
2760.00
20425.00
36288.00
4896.00
32312.50
6831.00
227465.00
169776.00
139482.00
15120.00
47628.00
10440.00
148512.00
50544.00
16530.00
108576.00
21294.00
78367.50
47578.50
102.00
29152.50
171820.00
32700.00
127753.50
19363.00
338367.00
52608.00
444176.00
63650.00
9720.00
164934.00
328779.00
90428.00
68512.50
1725.00
176800.00
146664.00
24519.50
1188.00
12126.00
4196.50
76045.50
347215.50
163701.00
19890.00
133893.00
8190.00
160556.00
4488.00
320528.00
143444.00
12480.00
30272.00
50400.00
303952.50
15456.00
355212.00
117236.00
367632.00
38976.00
10185.00
729.00
8051.00
34034.00
2772.00
126973.00
23919.00
205200.00
170016.00
188446.50
25125.00
470120.00
190944.00
2250.00
5100.00
40200.00
27142.50
229614.00
126936.00
9976.00
28737.00
252992.00
28560.00
27600.00
9148.50
73834.00
530670.00
5456.00
35700.00
124173.00
585.00
259200.00
86400.00
305662.50
98384.00
4620.00
7980.00
199125.00
25075.00
82800.00
111969.00
39474.00
314336.00
22639.50
44352.00
345600.00
20009.00
3696.00
108240.00
475272.00
90706.00
60192.00
265608.00
61920.00
343200.00
72360.00
246962.00
71668.00
49680.00
3626.00
280867.50
20900.00
107053.50
33264.00
53924.00
211165.50
14664.00
49770.00
11016.00
13860.00
62310.00
9030.00
77024.00
108045.00
29295.00
168744.00
11840.00
9126.00
256987.50
20636.00
14800.00
6644.50
43884.00
328320.00
169867.50
108624.00
173043.00
120280.00
212352.00
35154.00
95256.00
108793.50
28060.00
15052.00
184500.00
65205.00
454725.00
11368.00
41385.00
7686.00
11718.00
271215.00
24082.50
254064.00
251328.00
447120.00
6070.50
3636.00
104051.50
130944.00
151900.00
393300.00
331520.00
238854.00
120060.00
162000.00
92400.00
1720.00
2847.00
2684.00
161700.00
2713.50
41625.00
66885.00
104780.00
167936.00
1482.00
4704.00
54648.00
172.50
49500.00
68310.00
10530.00
314092.00
215482.50
84915.00
2015.00
159544.00
107163.00
2082.50
138966.00
10584.00
35308.00
32224.50
8673.00
246400.00
28908.00
62113.50
230461.00
222306.00
156600.00
273996.00
118575.00
23056.00
330836.00
401679.00
1204.00
15812.00
7326.00
51200.00
30276.00
254610.00
289275.00
458908.50
339450.00
407400.00
83304.00
61685.00
189126.00
51600.00
2392.00
8806.50
99066.00
30793.00
276165.00
112750.00
40836.00
567108.00
1309.50
28006.00
655040.00
55104.00
2832.50
124236.00
261366.00
235791.00
26932.50
27900.00
18696.00
123500.00
75440.00
5292.00
94221.00
122451.00
175398.00
17572.50
279000.00
414817.50
192960.00
19890.00
25461.00
6804.00
61446.00
267900.00
360000.00
152139.00
29835.00
61490.00
6232.00
88556.00
7962.50
3318.00
401166.00
43752.50
220990.00
98736.00
10543.50
62856.00
1045.00
20276.00
6032.00
23562.00
4417.50
19698.00
310155.00
233091.00
47628.00
220932.00
22330.00
11583.00
282.00
202500.00
28860.00
12090.00
282900.00
16848.00
91800.00
515592.00
2719.50
194512.50
59475.00
15375.00
87535.50
3060.00
134064.00
15988.50
40540.50
23842.50
16992.00
143.50
116400.00
81780.00
20500.00
134442.00
120768.00
33088.00
37422.00
33852.00
61875.00
7787.50
2412.00
18480.00
85932.00
32125.50
5247.00
137700.00
14840.00
26145.00
24310.00
297570.00
160720.00
1740.00
169785.00
4218.00
211904.00
15300.00
41850.00
52800.00
62524.00
38720.00
84755.00
203840.00
59290.00
72960.00
34387.50
131472.00
52678.50
43992.00
35742.00
38016.00
320040.00
31320.00
3420.00
186760.00
3697.50
96138.00
31740.00
55125.00
129720.00
3540.00
364.00
3784.00
493.50
124246.00
121968.00
110580.00
77818.00
83398.00
12000.00
72210.00
104468.00
94000.00
254016.00
15686.00
58176.00
66526.00
23814.00
5394.00
82716.00
5265.00
235200.00
548596.00
161280.00
211508.50
5130.00
1597.50
22080.00
91698.00
10374.00
56100.00
102630.50
1152.00
113119.00
69471.00
532608.00
43710.00
9702.00
129888.00
284592.00
8872.50
367.50
19760.00
145452.00
66861.00
186496.00
44954.00
61200.00
13180.50
103350.00
208290.00
24024.00
21942.00
9758.00
50481.00
210444.00
35002.00
21808.00
3150.00
32974.50
134603.00
126900.00
14994.00
234900.00
134757.00
236925.00
87381.00
2849.00
299404.00
103740.00
213853.50
52734.50
129360.00
44800.00
62700.00
1862.00
31328.00
43065.00
180856.00
10552.50
65736.00
47520.00
16864.00
25525.50
1008.00
32340.00
185250.00
26508.00
255437.50
148204.00
113526.00
9000.00
479682.00
4400.00
1960.00
281060.00
51057.00
62894.00
46200.00
1278.00
240012.00
5644.00
19344.00
39060.00
44180.00
427284.00
4862.00
34545.00
22736.00
16422.00
3087.00
14421.00
116525.00
289845.00
156210.00
7980.00
3604.00
456.00
33725.00
4950.00
234.00
156672.00
57427.50
2622.00
65340.00
269376.00
42746.00
125324.00
511368.00
116844.00
169904.00
26496.00
63135.00
17680.00
2160.00
4148.00
48852.00
218785.00
15609.00
108499.50
67500.00
54270.00
27872.00
84870.00
58987.50
102816.00
29952.00
46644.00
72900.00
343140.00
166474.00
6270.00
61028.00
7175.00
1127.00
13728.00
292608.00
21024.00
24255.00
43940.00
134421.00
22484.00
2862.00
7740.00
378873.00
254259.00
141645.00
765.00
265200.00
36872.50
42560.00
1850.00
12900.00
70380.00
40257.00
256230.00
3458.00
64974.00
5700.00
190816.00
10500.00
294737.50
14400.00
13254.00
174930.00
153811.00
24797.50
60268.00
80626.50
38340.00
121716.00
5500.00
1170.00
16862.50
292500.00
20812.00
10488.00
85608.00
122850.00
746900.00
59850.00
168000.00
2576.00
8673.00
199500.00
229320.00
285285.00
5820.00
11340.00
2574.00
111972.00
1369.50
7110.00
26026.00
195910.00
1950.00
19320.00
3367.00
411355.00
19845.00
61570.00
124020.00
91057.50
22680.00
30576.00
2550.00
62496.00
17160.00
407930.00
14400.00
182754.00
10032.00
7128.00
55800.00
158602.50
68800.00
10944.00
164640.00
146062.50
172000.00
22770.00
9207.00
86520.00
250107.00
53760.00
20562.50
57739.50
62835.00
29760.00
72.00
74700.00
7626.00
200640.00
15222.00
20034.00
430920.00
56700.00
50000.00
56826.00
275058.00
9600.00
121.50
42336.00
2812.50
18876.00
3672.00
392490.00
65322.50
13437.50
26208.00
255780.00
57528.00
71208.00
71725.50
149776.00
141015.00
321334.50
34200.00
298900.00
91476.00
22715.00
199800.00
7616.00
91980.00
228800.00
4199.00
22116.00
27360.00
16848.00
122148.00
68112.00
116960.00
1932.00
8184.00
42636.00
1215.00
8448.00
2120.00
73226.00
21917.00
16073.50
77490.00
95033.00
19264.00
74965.00
48457.50
54720.00
138320.00
74970.00
3828.00
9744.00
11700.00
40579.00
63945.00
16510.00
39900.00
19952.00
15308.00
34523.00
4000.00
239316.00
105560.00
96757.50
289607.50
121275.00
9545.00
4860.00
156555.00
3750.00
311503.50
57750.00
66150.00
139320.00
106029.00
9792.00
18648.00
4536.00
104652.00
14112.00
18032.00
1870.00
295302.00
369954.00
236964.00
6030.00
23205.00
107467.50
4070.00
130500.00
331344.00
12274.00
20664.00
157917.50
26535.00
185814.00
16107.00
137547.00
14630.00
412585.00
324779.00
16146.00
180765.00
375666.00
15960.00
113988.00
67405.00
26130.00
162000.00
22356.00
1848.00
247747.50
10206.00
927.50
22680.00
579120.00
96064.00
105524.00
636640.00
62496.00
125664.00
82236.00
77616.00
78565.50
8550.00
6240.00
254100.00
2016.00
16128.00
638000.00
62370.00
378144.00
18207.00
101136.00
56610.00
26970.00
285768.00
9177.00
76986.00
474804.00
2921.00
41184.00
360840.00
1680.00
204336.00
1386.00
3900.00
21888.00
708.00
42328.00
94050.00
30500.00
24035.00
88704.00
19278.00
123039.00
149460.00
5325.00
177822.00
360.00
78624.00
1060.00
76342.50
25454.00
16740.00
46777.50
140070.00
58590.00
169290.00
119925.00
5432.00
30051.00
206793.00
3068.00
892.50
144495.00
63140.00
163350.00
55039.50
115872.00
62694.00
52650.00
145600.00
106050.00
58212.00
105840.00
184884.00
187534.50
196350.00
68198.00
51920.00
10602.00
103740.00
53427.50
28215.00
46207.00
49920.00
5040.00
123627.00
29106.00
316675.50
55464.50
67728.00
6426.00
3248.00
66337.50
259250.00
8221.50
12900.00
44730.00
39270.00
569511.00
21714.00
49868.00
86920.00
64787.00
15035.00
570000.00
15015.00
57120.00
350.00
363540.00
46848.00
209844.00
208600.00
135240.00
9009.00
8437.50
39546.00
203130.00
15390.00
14749.00
1487.50
36081.50
139840.00
11466.00
25885.00
118215.00
125131.50
66220.00
42636.00
17248.00
300160.00
179987.50
35720.00
604395.00
386496.00
2142.00
180180.00
19305.00
47025.00
27060.00
79040.00
192577.00
48672.00
63910.00
3772.00
288788.00
48020.00
6930.00
116325.00
28420.00
94080.00
152218.00
239844.00
324756.00
85000.00
924.00
179191.00
27768.00
119328.00
39105.00
4427.50
51331.50
3276.00
10800.00
205065.00
121737.00
95940.00
5616.00
50.00
26676.00
4590.00
8176.00
16100.00
457875.00
7216.00
54670.00
5776.00
100674.00
451584.00
2016.00
116312.00
22500.00
94248.00
98820.00
8064.00
40800.00
207648.00
132600.00
119070.00
5950.00
112385.00
345262.50
43920.00
15147.00
220968.00
7141.50
3940.50
34496.00
200688.00
254961.00
236436.00
237160.00
56430.00
29029.00
37310.00
4025.00
61740.00
165375.00
22720.00
61330.50
27048.00
185130.00
38097.00
147384.00
3332.50
281248.00
45024.00
7200.00
53845.00
143127.00
86467.50
8928.00
291510.00
7056.00
149058.00
26880.00
148010.00
185535.00
238392.00
306600.00
35100.00
36414.00
124500.00
1292.00
54120.00
70400.00
9170.00
725172.00
36757.50
51600.00
45980.00
78032.50
135044.00
8464.50
152280.00
5005.00
18360.00
195360.00
379440.00
96600.00
180774.00
139896.00
14112.00
30600.00
71484.00
49261.50
6468.00
179046.00
6800.00
107070.00
5661.00
208552.50
12298.00
437850.00
37975.00
1225.00
667368.00
3900.00
17082.00
239316.00
86130.00
259250.00
200695.00
42900.00
65100.00
66270.00
768.00
13328.00
6930.00
24000.00
83300.00
185328.00
161070.00
7854.00
73671.50
37468.00
115989.00
257985.00
137295.00
277894.00
166452.00
20468.00
62348.00
3900.00
273224.00
101592.00
21000.00
55062.00
115812.50
19740.00
255840.00
190512.00
18564.00
87040.00
315084.00
15147.00
258100.00
51205.00
12775.00
42120.00
66528.00
5369.00
30240.00
76328.00
244777.50
21528.00
174720.00
960.00
68770.00
491568.00
54418.50
207414.50
24966.00
131040.00
239616.00
10045.00
81480.00
13950.00
107055.00
438150.00
21375.00
4187.00
134232.00
4343.50
1620.00
334970.00
129800.00
79871.00
293220.00
13392.00
42525.00
43842.50
5712.00
6160.00
22627.00
62923.50
12960.00
189200.00
5184.00
51243.50
3792.00
3108.00
59780.00
108358.50
137206.50
65250.00
21090.00
29670.00
103400.00
150738.00
277780.00
364544.00
7900.00
414687.00
119212.50
350550.00
214555.00
183600.00
461384.00
262143.00
192096.00
8700.00
78840.00
4752.00
33072.00
67732.00
108402.00
1500.00
15792.00
287370.00
54285.00
48944.00
297024.00
41040.00
104400.00
6075.00
135919.50
111333.00
22272.00
21600.00
2420.00
29497.50
293436.00
11232.00
80640.00
61740.00
13464.00
121968.00
4851.00
202825.00
142528.00
17220.00
169200.00
34224.00
62480.00
292.50
103212.00
51948.00
1750.00
92250.00
255717.00
9652.50
142800.00
26544.00
282100.00
27784.00
251387.50
179242.00
8840.00
7565.00
52693.00
69420.00
40565.00
1600.00
310761.00
236592.00
122400.00
122655.00
1040.00
5032.00
49815.00
20797.50
264422.00
201240.00
190960.00
254646.00
124644.00
13972.50
7210.00
390165.00
10830.00
3248.00
133672.00
145800.00
13248.00
14688.00
76869.00
9490.50
12480.00
244188.00
107996.00
66640.00
45276.00
23887.50
10509.00
8632.00
2720.00
927.50
21450.00
101317.50
147560.00
97370.00
32246.50
572.00
16520.00
68040.00
34440.00
177276.00
5994.00
139004.00
32130.00
6232.00
155610.00
230153.00
15444.00
46023.00
62976.00
153468.00
5610.00
11552.00
41440.00
16616.00
16016.00
3960.00
138880.00
418700.50
8436.00
58604.00
105072.50
126967.50
26230.50
108147.00
3600.00
125137.50
104052.00
107835.00
7828.00
316800.00
8398.00
29315.00
41037.50
129744.00
150368.00
1980.00
28196.00
26240.00
34398.00
8050.00
8100.00
195750.00
78975.00
30420.00
118125.00
83160.00
35262.50
10620.00
52398.00
127680.00
8100.00
23765.00
19760.00
208384.00
396459.00
522753.00
142.50
12112.50
194649.00
114464.00
52725.00
175525.00
69598.00
447304.00
75854.00
245025.00
2730.00
60129.00
38502.00
47586.00
4851.00
67080.00
50718.00
4080.00
23856.00
138720.00
58938.00
864.00
45900.00
7150.00
11310.00
34580.00
33580.00
165900.00
44055.00
42975.00
14041.50
43428.00
6096.00
78750.00
41151.00
321200.00
208680.00
129937.50
45650.00
42720.00
94.00
196000.00
161752.50
275280.00
7650.00
27945.00
166675.00
33856.00
36036.00
2299.00
173635.00
810.00
420.00
33337.00
109687.50
230958.00
67240.00
1738.00
160645.00
73695.00
2800.00
122100.00
8112.00
2520.00
46096.00
6840.00
1848.00
3600.00
66780.00
5346.00
431886.00
36432.00
9312.00
26040.00
282240.00
2325.00
100450.00
292.50
82170.00
145080.00
7975.00
44676.00
243660.00
42300.00
38304.00
163944.00
74290.00
39375.00
200200.00
240870.00
210330.00
302499.00
9817.50
8192.00
253935.00
396396.00
68172.50
28975.00
331632.00
82824.00
48883.50
22932.00
460460.00
35136.00
23540.00
425.00
69615.00
8613.00
495049.50
108864.00
3724.00
168609.00
23520.00
46683.00
50400.00
3680.00
40455.00
116946.00
279180.00
65320.00
2604.00
128898.00
35625.00
345.00
395600.00
2080.00
99322.50
25752.00
2952.00
20300.00
40672.00
127270.50
24502.50
84280.00
77140.00
58006.00
1033.50
447120.00
4026.00
1040.00
2437.50
9072.00
825.00
2450.00
131762.50
115425.00
341550.00
46200.00
294800.00
12264.00
15498.00
10497.50
438354.00
92482.50
24573.50
121296.00
6916.00
68448.00
48127.50
106904.00
29406.00
159390.00
81472.50
122220.00
76095.00
53040.00
153476.00
8112.00
15762.00
63000.00
36682.50
6480.00
11055.00
17507.00
247.50
162150.00
13860.00
20825.00
672064.50
23436.00
16643.00
225.00
139200.00
202419.00
29040.00
19270.00
109908.00
210.00
120960.00
35910.00
112174.50
62976.00
42504.00
108072.00
63232.00
106575.00
23040.00
7007.00
268180.00
298592.00
4212.00
9610.00
20790.00
63162.00
48880.00
13363.00
2142.00
14310.00
191219.50
6048.00
2277.00
36720.00
31506.00
272600.00
50431.00
297445.00
6300.00
158522.00
464800.00
39950.00
13724.00
97309.00
172900.00
310810.50
900.00
25715.00
348920.00
60164.00
12384.00
12285.00
179335.00
75696.00
75460.00
219936.00
11780.00
225000.00
40120.00
97200.00
166012.00
13162.50
28577.00
187572.00
145645.50
114492.00
114072.00
163959.00
5659.50
36828.00
35280.00
540768.00
38160.00
20826.00
2016.00
12600.00
76560.00
1687.50
215377.50
130977.00
19095.00
5632.00
124785.00
36960.00
12528.00
170816.00
312984.00
1404.00
195552.00
37536.00
3055.00
7695.00
522.00
47170.00
25456.00
8866.00
70520.00
3995.00
72864.00
87043.00
37950.00
28329.00
94848.00
574200.00
69003.00
253575.00
58996.00
1632.00
23460.00
46035.00
241776.00
274688.00
36366.00
553385.00
7182.00
83415.00
18620.00
26418.00
70500.00
76.50
80419.50
648.00
7300.00
54900.00
299497.50
114810.00
32175.00
483392.00
3690.00
137175.00
7420.00
6920.00
9506.00
20328.00
3666.00
320092.50
33814.00
190400.00
328396.00
25456.00
31968.00
81330.50
154584.00
183600.00
9435.00
5400.00
293280.00
18319.50
15428.00
40425.00
120842.00
9030.00
34365.00
68850.00
462000.00
374220.00
31680.00
26334.00
47430.00
35815.00
85932.00
64713.00
247660.00
14657.50
11088.00
128480.00
7740.00
35154.00
98230.00
75600.00
154938.00
73206.00
3910.00
31104.00
90828.00
116130.00
11082.50
20999.00
258560.00
37587.00
79296.00
42042.00
21922.50
5875.00
43659.00
209016.50
75888.00
62730.00
22504.00
165825.00
31374.00
25000.00
28458.00
48300.00
26317.50
64680.00
25641.00
4495.00
262957.50
196276.50
53905.50
89280.00
12103.00
90552.00
191100.00
6528.00
970.00
3675.00
6120.00
206080.00
24502.50
86521.50
14993.00
308016.00
94770.00
86580.00
70180.00
274298.00
402057.50
159600.00
5376.00
243390.00
192812.00
114144.00
17556.00
375440.00
4914.00
186127.50
71344.00
51192.00
27264.00
87360.00
198144.00
13824.00
34800.00
145478.50
179568.00
303360.00
4107.50
231012.00
57105.00
8148.00
51943.50
1452.00
42042.00
21060.00
116960.00
63700.00
37422.00
92160.00
34177.50
143097.50
14544.00
174454.50
137655.00
48960.00
21087.00
387523.50
326895.00
67795.00
28606.50
338400.00
163447.50
39100.00
225435.00
5472.00
32336.00
14560.00
179193.00
152684.00
135837.00
5720.00
25116.00
82708.00
337560.00
113316.00
117507.00
109344.00
9042.00
10452.00
78771.00
213180.00
2268.00
76516.00
11160.00
35632.00
355775.00
2752.00
65688.00
18414.00
317908.00
19296.00
13230.00
1067.00
220332.00
182520.00
48246.00
301112.50
12432.00
6384.00
7225.00
84825.00
33264.00
41664.00
503958.00
58800.00
17685.00
76700.00
93931.00
142142.00
14760.00
82775.00
17340.00
151164.00
65236.50
1207.00
48416.00
6300.00
22360.00
65766.00
25228.00
224775.00
15048.00
114492.00
153725.00
123900.00
189805.00
174590.00
43344.00
140175.00
12992.00
2688.00
2115.00
98280.00
1334.00
152076.00
86700.00
353911.50
7410.00
1976.00
61904.00
15960.00
56826.00
4350.50
78750.00
147016.00
126592.00
10192.00
479085.00
332310.00
258390.00
26400.00
53837.50
70140.00
138348.00
2460.00
2522.00
8452.50
61854.00
13776.00
9432.50
852.50
83385.00
14848.00
143780.00
213435.00
6960.00
106572.00
28224.00
18368.00
25920.00
235840.00
17920.00
4070.00
38760.00
32844.00
211344.00
273768.00
1495.00
14994.00
63648.00
2784.00
132720.00
53795.00
86925.00
149184.00
67229.00
43890.00
1404.00
233280.00
2405.00
150.00
4370.00
40139.00
4802.00
37240.00
1568.00
66555.00
107559.00
320920.00
180652.50
53856.00
177429.00
6090.00
28938.00
551304.00
40500.00
8330.00
12197.50
7791.00
4095.00
435655.00
24768.00
161700.00
5533.50
6417.00
60480.00
310764.00
3990.00
195520.00
86814.00
23512.50
120283.50
223858.00
99640.00
39216.00
15859.50
86848.00
125476.00
5096.00
62370.00
459780.00
8599.50
19125.00
30420.00
119520.00
22578.00
117810.00
6162.00
46620.00
63000.00
23400.00
27405.00
11502.00
80520.00
106260.00
2208.00
178605.00
29512.00
166608.00
9792.00
114912.00
299867.50
5635.00
103837.50
363168.00
172725.00
85680.00
15040.00
6360.00
350.00
44908.50
4400.00
27500.00
72352.00
208207.50
67600.00
253232.00
206640.00
68106.50
109850.00
40480.00
40040.00
31680.00
253611.00
123750.00
888.00
205875.00
9702.00
68850.00
154008.00
142312.50
95832.00
109032.00
90219.00
13776.00
4690.00
32040.00
81120.00
22308.00
276644.00
13376.00
16500.00
7052.00
44500.00
108800.00
49572.00
5160.00
137.50
99858.00
87840.00
105270.00
141277.50
300.00
121968.00
4752.00
10647.00
239775.00
730992.00
47937.00
118590.00
121095.00
203550.00
18564.00
15262.50
54912.00
101745.00
1392.00
7140.00
12348.00
132053.00
124080.00
240462.00
490176.00
16632.00
230732.50
75480.00
68526.00
1792.00
43335.50
38352.00
87482.00
124200.00
6783.00
116400.00
318720.00
73346.00
406410.00
11067.00
35572.50
1500.00
2030.00
228072.00
270657.00
2898.00
164092.50
273600.00
5265.00
49059.00
23100.00
49896.00
17523.00
88000.00
619920.00
119070.00
252969.00
250510.00
71820.00
792.00
3640.00
92625.00
3422.00
48384.00
458172.00
311355.00
132634.00
31977.00
30240.00
18711.00
472972.50
69696.00
90160.00
43092.00
27280.00
11687.50
5227.50
37352.00
72576.00
379015.00
327892.50
20615.00
1770.00
6500.00
2576.00
329745.00
112640.00
110998.00
31000.00
960.00
18291.00
88935.00
1600.00
19190.00
115661.00
129200.00
14400.00
2028.00
55380.00
127374.00
110952.00
39501.00
33247.50
249517.50
362600.00
59760.00
1207.00
2492.00
26460.00
6384.00
20412.00
8360.00
4340.00
5842.00
3808.00
20016.00
134212.00
24304.00
430000.00
236925.00
101136.00
5244.00
78498.00
126900.00
229900.00
95933.00
20187.50
20592.00
157105.50
116571.00
26752.00
45279.00
293280.00
94752.00
92625.00
36234.00
158976.00
63700.00
97776.00
174420.00
3255.00
130410.00
10143.00
108540.00
38674.50
2511.00
6090.00
48510.00
2912.00
76734.00
52687.00
67896.00
16926.00
561408.00
297528.00
274988.00
172805.00
75516.00
1826.00
20910.00
50995.00
1275.00
1566.00
246375.00
130036.00
221676.00
13090.00
548100.00
342342.00
49680.00
186340.00
157248.00
1400.00
38461.50
406087.50
294027.50
15187.50
7035.00
8100.00
369036.00
55125.00
167943.00
2720.00
57072.00
539.00
96579.00
225420.00
48955.50
76950.00
9234.00
180420.00
45279.00
16632.00
45030.00
46215.00
8880.00
94944.00
148512.00
13328.00
1617.00
28116.00
273350.00
50700.00
27030.00
180336.00
51705.50
1885.00
62160.00
60384.00
119700.00
26568.00
105850.00
275520.00
187572.00
73080.00
18042.00
89838.00
64152.00
37587.00
41300.00
4172.00
113332.50
242970.00
51832.00
82800.00
14322.00
25480.00
112423.50
23100.00
133339.50
2668.00
84882.00
134136.00
52390.00
336433.50
72864.00
12844.00
67221.00
41860.00
271656.00
43248.00
34476.00
74888.00
46345.00
4004.00
52887.00
167936.00
81396.00
25740.00
10374.00
6972.00
113635.50
217280.00
94500.00
32292.00
152100.00
39617.50
632.00
61617.00
145122.00
21812.00
26533.50
93005.00
53768.00
1139.00
46872.00
11594.00
206180.00
1120.00
45034.00
306504.00
7708.00
25200.00
21318.00
232848.00
41064.00
1470.00
211248.00
784900.00
150150.00
10368.00
70518.00
51925.00
1400.00
735.00
82745.00
21413.00
303940.00
9408.00
1831.50
103350.00
213444.00
1242.00
41233.50
52440.00
10098.00
64240.00
10780.00
258951.00
8190.00
30870.00
22528.00
13200.00
165620.00
11826.00
14520.00
35700.00
150745.00
226320.00
65268.00
603000.00
6929.00
260865.00
560.00
780.00
18900.00
31050.00
2110.50
27360.00
16975.00
247050.00
175446.00
4165.00
19008.00
291145.50
84546.00
56784.00
11220.00
192192.00
13068.00
36900.00
83996.00
43890.00
14784.00
186099.00
26928.00
133860.00
104520.00
96900.00
5056.00
271839.00
175560.00
10368.00
6900.00
230010.00
265537.50
140250.00
127840.00
28611.00
2800.00
8664.00
31020.00
61404.00
12212.00
7200.00
427025.00
20424.00
4410.00
352800.00
173250.00
206941.00
154836.50
117975.00
427196.00
12350.00
14310.00
63240.00
36456.00
192240.00
335240.00
17955.00
4588.50
46080.00
61500.00
154050.00
204120.00
5747.50
333300.00
1274.00
25840.00
32410.50
1980.00
148005.00
37206.00
74734.00
78259.50
220141.50
6480.00
64600.00
271830.00
20615.00
7938.00
257250.00
85800.00
719100.00
129485.00
37728.00
153093.50
1360.00
208656.00
7776.00
615742.50
168609.00
12090.00
149040.00
8160.00
20034.00
125280.00
448632.00
56000.00
325872.00
405650.00
252590.00
8100.00
11007.50
34650.00
11340.00
6090.00
5400.00
43890.00
51832.00
389002.50
48620.00
1443.00
41199.50
26040.00
419100.50
165155.00
3375.00
83160.00
42028.00
329460.00
273542.50
2856.00
127534.50
15600.00
97911.00
10725.00
52038.00
76516.00
70470.00
4620.00
73625.00
135360.00
156768.00
128760.00
9933.00
47320.00
108669.00
308250.00
218595.00
25208.00
10125.00
33125.00
35843.50
73440.00
14647.50
24064.00
27360.00
58075.00
316602.00
30261.00
74970.00
202275.00
358800.00
291060.00
48735.00
1062.00
1728.00
48048.00
55728.00
51168.00
397440.00
72261.00
173166.00
224595.00
180000.00
145530.00
134820.00
33582.50
48484.00
103600.00
30954.00
308568.00
89947.50
76146.00
136530.00
78474.00
34754.50
33495.00
302848.00
44712.00
55800.00
23219.00
49172.50
308.00
5829.00
28060.00
14520.00
42471.00
44408.00
17286.00
167200.00
245904.00
523987.50
72732.00
260391.00
25344.00
11172.00
10080.00
36920.00
9675.00
23598.00
56160.00
123250.00
79657.50
13282.50
40500.00
27440.00
78608.00
28832.00
28809.00
45214.00
25398.00
20664.00
54538.00
380902.50
15939.00
61074.00
291798.00
155428.00
10290.00
4515.00
39325.00
3030.00
75012.00
23247.00
1710.00
89250.00
189337.50
9240.00
243846.00
37152.00
67893.00
52008.50
48672.00
92708.00
110121.00
195718.50
14687.50
495615.00
17343.00
246519.00
1035.00
27880.00
83776.00
9292.50
37788.00
334125.00
35875.00
108120.00
60515.00
27540.00
76650.00
198144.00
11286.00
126150.00
6240.00
3496.00
201552.00
1638.00
138996.00
15050.00
91000.00
211820.00
466032.00
893760.00
300.00
51870.00
134064.00
55896.00
159315.00
13545.00
123234.00
213750.00
23895.00
135135.00
24000.00
34560.00
37584.00
101844.00
7100.00
41262.00
163800.00
2261.00
48503.00
78840.00
88200.00
301104.00
58482.00
95480.00
7182.00
33858.00
16695.00
33852.00
62220.00
561.00
212223.00
29406.00
40716.00
131350.00
69030.00
5925.00
353565.00
19992.00
82584.00
480.00
124624.50
10354.50
46620.00
512000.00
11250.00
9576.00
70448.00
60830.00
18837.00
10582.00
30429.00
4440.00
117720.00
227708.00
16020.00
10250.00
37800.00
12084.00
43056.00
39270.00
5292.00
9870.00
34295.00
559912.50
434000.00
185420.00
73012.50
19551.00
62776.00
1638.00
65520.00
39936.00
150696.00
228250.00
22638.00
335340.00
311220.00
66792.00
230480.00
952.00
33660.00
7030.00
610.00
33046.00
92232.00
383175.00
193781.00
51350.00
12441.00
1980.00
14700.00
83869.50
37179.00
81510.00
20160.00
15525.00
51894.00
75628.00
15750.00
172086.00
255672.00
218889.00
44280.00
14322.00
51084.00
423502.00
16920.00
32.00
207576.00
11324.50
117624.00
323532.00
21168.00
127800.00
23400.00
2047.50
19305.00
51840.00
427988.00
44135.00
93665.50
329517.00
15680.00
10.50
266021.00
128992.50
140352.00
3300.00
134540.00
5490.00
50301.00
14076.00
345.00
264516.00
28350.00
8500.00
344195.00
127942.00
13795.00
36018.00
966.00
128986.00
29029.00
361.00
185310.00
80109.00
36168.00
57564.00
2632.50
74755.50
21528.00
8509.50
98560.00
607194.00
191854.50
549990.00
228018.00
31752.00
51901.00
1988.00
232162.00
194480.00
6264.00
32760.00
297480.00
585.00
105386.00
89180.00
19125.00
54405.00
464400.00
44979.00
1368.00
294314.00
3630.00
134640.00
322.00
89856.00
2880.00
114400.00
1710.00
1863.00
405328.00
27358.50
51840.00
79002.00
72576.00
17360.00
244755.00
24656.00
175950.00
218638.00
623565.00
32096.00
333166.50
3604.00
69646.50
163548.00
8599.50
138320.00
18382.50
26796.00
42210.00
12276.00
66215.00
27232.00
104192.00
9360.00
33886.50
177744.00
16042.50
88736.00
77959.00
132720.00
87032.00
250712.00
4136.00
56227.50
20904.00
52416.00
76285.00
34912.50
4053.50
117000.00
27621.00
37440.00
26334.00
17700.00
187110.00
71995.00
262143.00
293733.00
12441.00
26352.00
28179.00
209745.00
352836.00
62634.00
352512.00
249900.00
1487.50
143715.00
5494.00
196812.00
17160.00
39560.00
24927.50
23940.00
4320.00
80925.00
47988.00
304776.00
15606.00
1350.00
64740.00
9198.00
62595.00
195494.00
36382.50
3410.00
45298.00
197904.00
237534.00
864.00
287560.00
2835.00
29799.00
70312.00
46464.00
189995.00
30409.50
143687.50
294918.00
192802.50
3038.00
54432.00
6552.00
142128.00
34492.50
120089.00
114444.00
192660.00
18522.00
200165.00
26208.00
3280.00
176400.00
5083.00
42834.00
31020.00
60984.00
236313.00
10800.00
36400.00
9360.00
383775.00
153900.00
62118.00
75168.00
680.00
117300.00
10368.00
26404.00
36235.50
74169.00
67200.00
282348.00
2511.00
281853.00
67773.00
235552.50
48608.00
32400.00
316944.00
2046.00
596994.00
499200.00
111919.50
156933.00
9216.00
50804.50
106898.00
41877.00
5928.00
16758.00
101887.50
65728.00
158067.00
140899.50
9384.00
24180.00
42952.50
126000.00
35343.00
11742.50
36036.00
73164.00
17250.00
252437.00
67830.00
222111.00
642960.00
26460.00
24960.00
74880.00
2850.00
38258.00
46462.50
92767.50
297660.00
20952.00
356775.00
48375.00
1400.00
206793.00
7904.00
108405.00
12804.00
162855.00
3575.00
26026.00
115200.00
200200.00
15600.00
138915.00
11271.00
30303.00
38080.00
24035.00
216.00
1890.00
12705.00
62040.00
3136.00
3213.00
136344.00
59295.00
16512.00
17577.00
21120.00
313200.00
416392.00
93150.00
15904.00
56287.50
10176.00
17250.00
66304.00
1683.00
3381.00
6116.00
132600.00
182573.00
62050.00
116178.00
56832.00
28224.00
61701.50
105451.50
21300.00
52800.00
356960.00
88.00
9125.00
14229.00
69139.00
3525.00
16560.00
417100.00
251076.00
47250.00
47790.00
64740.00
105823.00
28560.00
41391.00
67640.00
121440.00
29750.00
66631.50
562848.00
138180.00
27157.50
425250.00
17482.50
139125.00
32130.00
27864.00
160627.50
28365.00
22032.00
328950.00
45360.00
40158.00
18468.00
357930.00
2548.00
14820.00
55575.00
14490.00
2208.00
48640.00
135407.00
41472.00
47676.00
264040.00
95933.00
141453.00
37674.00
52528.00
7717.50
128699.00
59274.00
98175.00
279936.00
53014.50
121260.00
17010.00
10800.00
87780.00
8550.00
145992.00
104737.50
213333.00
182400.00
102850.00
155925.00
11808.00
19422.00
112347.00
506.00
100125.00
153510.00
41418.00
223440.00
85839.00
37224.00
8694.00
80520.00
43401.00
202507.50
38493.00
128000.00
14701.50
9867.00
5888.00
200737.50
136000.00
47250.00
474810.00
35280.00
343441.00
1848.00
118827.50
52896.00
240075.00
2398.00
246620.00
353628.00
93665.50
180525.00
167904.00
25650.00
29640.00
38434.50
43146.00
6264.00
62092.00
16128.00
104780.00
76383.00
15480.00
38857.00
88200.00
36864.00
20169.00
165168.00
118800.00
16929.00
109554.00
186056.50
40230.00
214914.00
108376.00
56064.00
299250.00
110495.00
205056.00
7233.50
134160.00
43560.00
44880.00
14839.00
34398.00
8820.00
15180.00
18620.00
98523.00
850.00
172980.00
190848.00
12712.50
137200.00
36860.00
53636.00
203728.00
509600.00
20790.00
4400.00
40158.00
14490.00
7175.00
220616.00
309258.00
49140.00
34897.50
16800.00
449360.00
54670.00
8554.00
15232.00
78228.00
34860.00
15170.00
324.00
14352.00
1957.50
6384.00
21996.00
105840.00
4872.00
1056.00
231702.00
13837.50
635796.00
31824.00
9126.00
19380.00
1200.00
36660.00
2442.00
4812.50
37260.00
2618.00
411642.00
421600.00
17760.00
80586.00
16016.00
61938.00
325740.00
2772.00
56448.00
460020.00
21660.00
3549.00
197372.00
322660.00
9072.00
88875.00
348128.00
5600.00
22277.50
47642.00
148428.00
3937.00
488950.00
98400.00
3565.00
4650.00
317520.00
293986.00
88088.00
8784.00
2120.00
2626.00
421200.00
67022.50
92966.00
48708.00
216524.00
17000.00
54405.00
1152.00
14256.00
4674.00
56064.00
204160.00
456.00
3944.50
225120.00
68085.00
180576.00
29376.00
393538.50
72072.00
58305.00
164016.00
487.50
2368.00
174590.00
287546.00
66528.00
7595.00
251212.50
37800.00
96427.50
7548.00
54708.00
49210.00
159840.00
37758.00
203390.00
191919.00
4500.00
27958.50
90440.00
4680.00
70470.00
11270.00
118252.00
27435.00
35322.00
125766.00
17066.00
6337.50
76440.00
2327.50
86016.00
8840.00
174375.00
93712.50
22050.00
87400.00
139449.00
4320.00
5341.00
86870.00
291330.00
5202.00
96280.00
87503.00
8442.00
9350.00
210130.50
290400.00
262548.00
67130.00
4576.00
92960.00
7980.00
36096.00
3825.00
8415.00
7104.00
81000.00
199650.00
43848.00
222264.00
29862.00
389376.00
56700.00
15873.00
109824.00
18981.00
396396.00
120400.00
73080.00
4410.00
69295.50
48600.00
56292.50
217.50
25344.00
12832.50
343392.00
1224.00
124542.00
30514.00
365904.00
85034.00
160979.00
800.00
29792.00
20806.50
112530.00
152222.00
22770.00
4050.00
60606.00
65688.00
82800.00
27600.00
35672.00
105222.00
74460.00
23100.00
159800.00
9072.00
95200.00
375408.00
4095.00
189882.00
7938.00
105051.00
22878.00
84685.50
42330.00
119880.00
431600.00
203931.00
462480.00
113067.50
7560.00
25205.00
6650.00
6187.50
63112.50
545600.00
125842.50
640345.50
4030.00
44055.00
129600.00
116280.00
7740.00
76320.00
142968.00
195510.00
17820.00
3181.50
26010.00
137052.00
30240.00
37950.00
44096.00
202027.00
144540.00
245340.00
63112.50
301330.50
125560.00
99107.00
32250.00
40950.00
177848.00
4725.00
4455.00
38804.00
49680.00
5229.00
1836.00
35742.00
11088.00
17654.00
845.00
350509.00
289044.00
134400.00
28983.50
44280.00
5950.00
5628.00
86190.00
103530.00
608300.00
114075.00
2025.00
4212.00
13365.00
114873.00
34800.00
59200.00
172.00
67815.00
140250.00
53592.00
32422.00
339068.00
52650.00
188790.00
105621.00
5953.50
123552.00
85120.00
5263.50
179212.50
215280.00
171396.00
1270.00
23625.00
69437.50
12150.00
118702.50
421465.00
83190.00
39019.50
89461.50
31842.00
47500.00
76797.00
91650.00
1249.50
349600.00
351750.00
387.00
103680.00
21840.00
4214.00
16422.00
123.00
96860.00
32660.00
254904.00
63495.00
215330.50
5148.00
18954.00
17052.00
21299.00
34104.00
72901.50
132594.00
106894.00
151915.50
124127.50
34965.00
39330.00
151200.00
141081.00
9171.50
117936.00
98736.00
68499.00
311550.00
97564.50
70711.50
149796.00
39600.00
73408.00
250915.50
48.00
2960.00
1166.00
9231.00
1290.00
51480.00
3213.00
3696.00
87516.00
8296.00
184680.00
159390.00
9163.00
43245.00
36382.50
20648.00
10112.00
84448.00
428125.50
136817.00
54549.00
1456.00
59245.00
125134.00
55755.00
634752.00
18816.00
2916.00
364.00
211068.00
80044.50
6468.00
150183.00
23688.00
5832.00
642444.00
3910.00
45591.00
45825.00
34263.00
1947.50
53856.00
10395.00
28364.50
33219.50
75652.50
76128.00
70110.00
46170.00
77285.00
1066.00
95903.50
225547.50
64320.00
2960.00
216892.00
170163.00
275157.00
59644.00
50250.00
3500.00
26730.00
69212.00
57362.00
267033.00
96096.00
411432.00
82080.00
30739.50
47880.00
130980.00
42408.00
182600.00
48160.00
157509.00
83950.00
7392.00
25578.00
20300.00
20580.00
68908.00
57855.00
139320.00
144320.00
68544.00
91800.00
113925.00
74655.00
24420.00
140302.00
256854.00
21000.00
87368.00
116466.00
19425.00
158287.50
83077.50
6622.00
4292.50
58275.00
21870.00
2337.00
1950.00
223626.00
42180.00
11212.50
10906.00
26367.00
96990.00
22140.00
102240.00
77792.00
65688.00
239200.00
33418.00
3465.00
220150.00
55352.00
9207.00
191425.00
9207.00
96768.00
331200.00
7774.00
86688.00
41769.00
159732.00
65136.00
4394.00
32616.00
185334.00
142345.00
80112.50
59850.00
43056.00
88725.00
86250.00
198550.00
326638.50
26432.00
204600.00
97812.00
149184.00
33696.00
17052.00
22041.00
361050.00
875.00
29799.00
172840.50
31237.50
75480.00
33672.00
57502.50
570712.50
223380.00
27670.50
3280.50
8073.00
1170.00
21868.00
170950.50
20520.00
129150.00
43861.50
287430.00
493038.00
17871.00
41040.00
71576.50
63042.00
665028.00
408709.50
5110.00
316200.00
19492.50
277884.00
9030.00
5888.00
22050.00
508032.00
32643.00
138138.00
81567.00
98604.00
11340.00
38665.00
181040.00
66755.00
20706.00
99360.00
60192.00
4896.00
40392.00
25380.00
42210.00
142252.00
84000.00
53406.00
54150.00
211470.00
18360.00
120600.00
167409.00
368.00
462423.00
3744.00
56650.00
2730.00
387.50
112200.00
277020.00
88920.00
153252.00
482800.00
263736.00
2100.00
15859.50
127070.00
18427.50
61327.50
27225.00
194880.00
2484.00
156160.00
247500.00
564250.00
22794.00
126850.00
251988.00
185328.00
32500.00
253708.00
12666.50
6045.00
95232.00
485460.00
126654.00
9126.00
71280.00
3990.00
71154.00
155520.00
101745.00
17856.00
59024.00
8578.50
111537.00
54912.00
61236.00
131755.50
55451.00
43550.00
19188.00
75600.00
112545.00
6732.00
249210.00
36765.00
22680.00
385280.00
65340.00
161766.00
39123.00
46400.00
4590.00
141750.00
148428.00
11552.00
224146.50
114562.50
7815.50
133574.00
918.00
366817.50
4154.00
79150.50
453600.00
151164.00
96115.50
29520.00
52500.00
462981.00
36120.00
19672.50
3720.00
199.50
27264.00
249734.00
6300.00
99456.00
17100.00
14040.00
91800.00
17500.00
77280.00
10920.00
18886.00
17578.00
46436.00
4617.00
78435.00
60237.00
4004.00
7260.00
34056.00
70756.00
12292.50
305613.00
504336.00
82940.00
15444.00
3135.00
5184.00
31616.00
133416.00
10080.00
12480.00
49410.00
16200.00
42420.00
21762.00
47806.00
369715.50
420546.00
60030.00
17380.00
96736.50
36260.00
30268.00
93046.50
85550.00
22099.00
7020.00
22308.00
236236.00
50388.00
82800.00
119552.50
27540.00
17493.00
24840.00
47040.00
63360.00
37100.00
65087.50
19200.00
44020.00
117306.00
201134.00
526240.00
3780.00
24426.00
137170.00
2380.00
51300.00
25193.00
124062.00
185949.00
53465.00
58006.00
30212.00
65000.00
235161.00
10260.00
60844.00
1820.00
738.00
173950.00
64260.00
264330.00
1520.00
44212.50
77531.00
828.00
11904.00
17835.00
159390.00
117612.00
32422.00
327600.00
498576.00
82800.00
11421.00
53932.50
324.00
27930.00
144432.00
417600.00
37.00
20328.00
82912.50
45045.00
78232.50
128142.00
11193.00
18513.00
389376.00
191646.00
21420.00
87984.00
115092.00
5643.00
32300.00
46080.00
51597.00
3534.00
25143.00
12972.00
963.00
101952.00
317250.00
230100.00
7752.00
21386.00
99900.00
70821.00
82500.00
13680.00
97680.00
204750.00
253044.00
20176.00
135280.00
32670.00
119991.00
31920.00
88806.00
73328.50
404550.00
373184.00
52123.50
3960.00
522112.50
1134.00
30504.00
202215.00
233280.00
54730.50
172360.00
96.00
76995.00
34830.00
92046.00
10048.50
205164.00
7507.50
8364.00
58114.50
3382.50
14100.00
56376.00
13230.00
57770.00
200400.00
194880.00
88704.00
147015.00
19656.00
2080.00
47880.00
6903.00
3024.00
97485.00
34749.00
59472.00
3971.00
32110.00
112800.00
37050.00
14840.00
108192.00
381628.00
226600.00
35700.00
43400.00
149850.00
82654.00
262314.00
24725.00
1000.50
13387.50
50232.00
9744.00
1344.00
304.00
20868.00
459756.00
74496.00
205660.00
4375.00
62928.00
37147.50
226627.50
4094.00
6100.00
93177.50
436579.00
107280.00
187612.00
7566.00
1512.00
36765.00
190350.00
79640.00
9912.00
12480.00
44226.00
4472.00
32800.00
18900.00
405328.00
154180.50
4970.00
496.00
272916.00
1560.00
29140.00
1345.50
232650.00
37975.00
8460.00
36288.00
83514.50
52762.00
4350.00
18910.00
4161.00
56737.50
13838.00
4712.00
201630.00
52992.00
61776.00
66300.00
61740.00
25333.00
59092.00
49248.00
13668.00
144963.00
59532.00
143520.00
102168.00
44400.00
9120.00
183141.00
100572.00
83475.00
1350.00
50616.00
12495.00
259910.00
21235.00
70707.00
10908.00
21505.00
355446.00
493987.00
147798.00
12720.00
125317.50
50752.50
15012.00
127449.00
264600.00
228000.00
339570.00
85904.00
291125.00
140803.50
300.00
56202.00
10404.00
75600.00
499356.00
4498.00
52416.00
35872.00
54442.50
29700.00
155526.00
112612.50
121905.00
65280.00
24360.00
38480.00
204363.00
38181.00
107328.00
73359.00
2580.00
27489.00
12789.00
68034.00
90576.00
10800.00
4371.00
4560.00
14100.00
130147.50
13845.00
92256.00
49822.50
30780.00
2200.00
48672.00
16401.00
63658.50
286580.00
9936.00
31680.00
130147.50
6970.00
238119.00
168070.00
59225.00
1953.00
862.50
16470.00
150234.00
180022.50
107712.00
234960.00
444600.00
55335.00
31020.00
18576.00
137428.00
76128.00
4158.00
38275.50
184599.00
91698.00
475.00
259038.50
19305.00
288927.00
275110.00
124800.00
13475.00
106590.00
29370.00
283860.00
175122.00
111972.00
18666.00
1026.00
20010.00
6336.00
1044.00
10212.00
4162.50
29484.00
68400.00
7497.00
385.00
61568.00
6314.00
215600.00
22295.00
23970.00
37422.00
70584.50
80104.00
25897.00
58909.50
8208.00
105315.00
200640.00
66215.00
21054.00
1976.00
293328.00
3366.00
163254.00
118553.50
7020.00
38232.00
42768.00
30246.00
20880.00
13986.00
13680.00
101365.00
335198.50
4095.00
16465.00
207207.00
141204.00
454848.00
73216.00
1422.00
11684.00
429692.00
35955.00
848.00
6961.50
90.00
73632.00
3456.00
1677.00
9350.00
100064.50
11602.50
89250.00
53935.00
37479.00
15606.00
149292.00
439356.00
1265.00
71424.00
6440.00
431247.50
291798.00
153341.00
23760.00
108553.50
64680.00
129792.00
71208.00
16848.00
5336.00
70031.50
3901.50
1813.00
80520.00
12160.00
63504.00
396.00
10332.00
207900.00
13566.00
154147.50
377000.00
158340.00
340021.50
30636.00
1710.00
3510.00
102275.50
91035.00
111090.00
59472.00
138645.00
30704.00
40040.00
334341.00
28644.00
94094.00
64512.00
43710.00
179712.00
56280.00
156618.00
26312.00
13975.00
87318.00
27336.00
113876.00
2160.00
493626.00
18468.00
210240.00
171700.00
286059.00
299520.00
93600.00
6396.00
1620.00
68544.00
69875.00
293232.00
1320.00
91143.00
237262.50
167580.00
66640.00
92250.00
22613.50
143745.00
26622.00
296820.00
1935.00
19440.00
107778.00
34056.00
169396.50
45442.50
13068.00
1935.00
33864.00
161700.00
55275.00
47824.00
130410.00
68904.00
97020.00
81055.00
20580.00
51637.50
334800.00
22100.00
16800.00
63658.50
11088.00
37323.00
1180.00
34748.00
190212.00
42900.00
13680.00
132880.00
375648.00
69844.50
124416.00
109060.00
198.00
411180.00
17600.00
2730.00
157696.00
18259.50
36285.00
257250.00
47472.00
6600.00
194400.00
64800.00
226954.00
130572.00
83538.00
63544.00
199200.00
5889.00
49680.00
2574.00
58032.00
22140.00
74100.00
3150.00
72819.00
163200.00
4641.00
59892.00
17955.00
29920.00
98812.50
103766.50
512910.00
6897.50
125307.00
483771.00
31740.00
26568.00
10152.00
48450.00
119700.00
24380.00
4464.00
28980.00
31590.00
224175.00
1728.00
21736.00
33660.00
42812.00
68340.00
472056.00
11040.00
13875.00
352440.00
19000.00
91800.00
232312.50
55932.00
58424.00
2656.50
75.00
144522.00
238700.00
74704.00
14025.00
77572.00
12441.00
158790.00
4284.00
56637.00
40392.00
71820.00
480.00
34587.00
21600.00
19380.00
46129.50
22275.00
230496.00
393525.00
107640.00
422620.00
314496.00
32084.50
195048.00
30195.00
36267.00
221536.00
10560.00
192324.00
34632.00
30576.00
219996.00
45792.00
68724.00
268268.00
28475.00
202176.00
44415.00
3510.00
175444.50
8190.00
16200.00
6930.00
57475.00
102850.00
85211.00
10296.00
124950.00
28196.00
143100.00
28161.00
21079.50
57190.00
299520.00
29647.50
10374.00
14168.00
24700.00
2256.00
11992.50
85680.00
95589.00
158600.00
153450.00
23085.00
109147.50
201536.00
43450.00
4960.00
5229.00
14525.00
451520.00
19642.00
19920.00
6075.00
314600.00
39690.00
52428.50
68770.00
90055.00
73732.50
92750.00
193515.00
2992.50
28470.00
75544.00
8976.00
168665.00
130872.00
252672.00
81075.00
9690.00
32384.00
3230.50
612.00
91800.00
259284.00
13084.50
114000.00
16500.00
17700.00
6900.00
45360.00
40700.00
5985.00
18144.00
4617.00
155295.00
53010.00
10327.50
283725.00
88578.00
2444.00
17199.00
154327.00
77500.00
4512.00
20672.00
602140.00
2926.00
37128.00
6175.00
111360.00
13079.00
22968.00
28188.00
54272.00
209173.50
22885.50
159229.50
100800.00
920.00
11684.00
60078.00
4504.50
136080.00
245952.00
74880.00
37381.50
162360.00
122887.50
89100.00
61750.00
37840.00
190080.00
276834.00
39200.00
32634.00
159330.00
6240.00
24820.00
200928.00
15525.00
81840.00
63360.00
4312.00
435.00
13286.00
39950.00
189069.00
141070.50
24640.00
69615.00
21063.00
17028.00
5046.00
102960.00
4693.00
36708.00
2910.00
8591.00
272376.00
22599.00
15840.00
6278.00
18156.00
30000.00
4158.00
6912.00
12694.50
35113.00
12057.50
487872.00
10933.00
10880.00
33210.00
41958.00
99.00
26250.00
4366.00
90675.00
397485.00
92625.00
86751.00
4816.00
128945.00
657984.00
17649.00
769.50
368.00
204750.00
229400.00
13888.00
29920.00
6324.50
147752.00
425700.00
424316.00
3829.50
4760.00
210210.00
334836.00
147533.00
24948.00
151470.00
263566.50
285506.00
7154.00
11880.00
201474.00
2970.00
111520.00
91630.00
157702.50
3277.50
22302.00
24769.00
54080.00
9702.00
33792.00
41078.00
30315.00
37332.00
284592.00
76024.00
20230.00
14852.00
323547.00
30504.00
158602.50
67116.00
12705.00
82574.00
163371.00
3948.00
937.50
32900.00
97518.50
16065.00
207948.00
25500.00
138225.00
366360.00
192372.00
125216.00
2535.00
85680.00
37884.00
39440.00
331917.00
112530.00
2046.00
153730.50
59976.00
206388.00
120916.00
158928.00
28314.00
189169.50
481750.50
242970.00
5124.00
193050.00
5810.00
153648.00
89180.00
7260.00
3838.00
37392.00
6720.00
4914.00
49536.00
104520.00
13230.00
8568.00
73899.00
16138.50
20700.00
72292.00
25200.00
28728.00
151200.00
114920.00
254660.00
18994.50
88200.00
406049.00
203940.00
242360.00
94430.00
9103.50
257040.00
6216.00
78259.50
41328.00
25296.00
37765.00
95550.00
108560.00
20020.00
152337.00
55245.00
4264.00
10716.00
34100.00
306360.00
1530.00
2688.00
110334.00
100359.00
8190.00
172592.00
15840.00
19968.00
44712.00
172900.00
356083.00
46530.00
90650.00
56202.00
10340.00
191880.00
5940.00
230724.00
66330.00
343064.00
300958.00
9157.50
48597.00
48060.00
50400.00
26180.00
398475.00
8364.00
148204.00
28182.00
15750.00
36252.00
44240.00
9072.00
2970.00
46436.00
406755.00
327332.00
5850.00
58512.00
165816.00
112800.00
1710.00
518368.00
13736.00
7420.50
54978.00
15375.00
36375.00
104940.00
640.00
28392.00
12950.00
307197.00
1728.00
14144.00
1102.50
94800.00
2232.00
58032.00
6272.00
19278.00
45080.00
626620.00
96390.00
636636.00
272536.00
37323.00
15132.00
8509.50
6080.00
76320.00
224664.00
1740.00
104188.00
11484.00
61440.00
382184.00
51127.00
20328.00
40238.00
664.00
1992.00
80325.00
13965.00
137709.00
14208.00
147840.00
6844.50
130410.00
139590.00
26010.00
112180.00
13202.00
101574.00
19173.00
154642.50
10824.00
169860.00
52890.00
20443.50
480.00
71176.00
125715.00
217620.00
47520.00
8277.50
81937.50
5676.00
49284.00
164430.00
149124.00
91840.00
57024.00
5670.00
95418.00
49140.00
28600.00
10980.00
96773.00
260172.00
20825.00
60000.00
4070.00
166140.00
104747.00
139113.00
3172.00
36100.00
21528.00
45600.00
34596.00
286272.00
284400.00
481068.00
20010.00
8670.00
93795.00
117085.50
129575.00
111000.00
383180.00
8835.00
129937.50
153594.00
94677.00
86195.50
306152.00
418918.50
205590.00
61740.50
90272.00
242305.00
69285.00
28224.00
1992.00
16112.00
58656.00
356850.00
251328.00
75790.00
30576.00
562350.00
36490.50
12757.50
3120.00
131560.00
36630.00
76860.00
26000.00
13300.00
39605.00
533715.00
5899.50
55040.00
99216.00
108517.50
30520.00
41225.00
11992.50
62478.00
135044.00
98766.00
18711.00
1620.00
1364.00
37674.00
66775.50
123410.00
65395.00
6885.00
7020.00
260064.00
79929.00
10080.00
4961.00
11362.00
13520.00
226800.00
27778.00
161838.00
54000.00
227430.00
50439.00
62304.00
47520.00
8184.00
38304.00
23436.00
25620.00
25480.00
105972.50
11376.00
20007.00
25474.50
29700.00
88803.00
420660.00
19602.00
36729.00
501735.00
170448.00
247230.00
8120.00
69564.00
47287.50
143336.00
15400.00
8316.00
86940.00
30261.00
27072.50
64980.00
86768.00
241684.00
18112.50
11557.50
3237.00
39552.00
2808.00
1045.00
109062.00
96492.00
50652.00
41184.00
1161.00
173259.00
12096.00
78000.00
47400.00
39060.00
805.00
4424.00
7000.00
79182.00
75667.50
40248.00
101920.00
39852.00
247324.00
5842.00
337500.00
2511.00
169884.00
6552.00
97440.00
14170.50
13944.00
73573.00
94162.50
77625.00
2175.00
32130.00
87098.00
97681.00
1555.50
121878.00
2120.00
158079.00
14283.50
70560.00
6160.00
30415.00
21630.00
82764.00
38829.00
3978.00
98670.00
46200.00
60372.00
30720.00
166320.00
83674.00
40158.00
282150.00
35113.00
3807.00
21280.00
133722.00
40626.00
1273.00
13806.00
160688.00
226780.00
8200.00
74002.50
14175.00
313632.00
44733.00
55300.00
98658.00
345960.00
162192.00
18032.00
60900.00
145435.50
2756.00
30690.00
114680.00
31320.00
172197.00
44954.00
906.00
21420.00
43472.00
9152.00
10260.00
52920.00
27097.00
228140.00
14850.00
54099.50
18585.00
5785.50
35280.00
38187.50
359370.00
9204.00
14322.00
37830.00
2613.00
161700.00
56007.00
566720.00
1617.00
48747.50
432432.00
186543.00
133497.00
194376.00
13020.00
10560.00
15010.00
40365.00
120061.00
89523.00
240800.00
131328.00
14880.00
419616.00
125388.00
207648.00
43680.00
15708.00
88550.00
22942.50
25047.00
63531.00
48692.00
487602.50
40280.00
303750.00
31208.00
106134.00
194028.00
38880.00
401580.00
158046.00
3160.00
518592.00
4134.00
160270.00
106314.00
11068.50
92720.00
213759.00
26180.00
45136.00
26884.00
44712.00
310500.00
93109.50
99905.00
109956.00
24534.00
25803.00
70800.00
280592.00
45312.00
87465.00
251378.00
40641.00
8880.00
117676.00
184500.00
20790.00
31540.00
90153.00
61425.00
80256.00
150450.00
5062.50
370233.50
182532.00
245830.00
246078.00
193629.00
6075.00
167232.00
6489.00
177876.00
207622.50
3042.00
4640.00
18800.00
103740.00
52829.50
48535.50
106650.00
26196.00
57132.00
15180.00
73800.00
185962.50
251797.50
271147.50
79695.00
10174.50
83692.00
7980.00
24206.00
62150.00
744.00
227920.00
30744.00
113184.00
14800.50
23520.00
94122.00
14945.00
188094.00
42714.00
13810.50
131924.00
73968.00
17472.00
407778.00
212625.00
258804.00
63784.00
1035.00
18530.00
151074.00
5950.00
114487.50
100352.00
179180.00
125712.00
8099.00
1837.50
180900.00
10206.00
2809.00
217250.00
15768.00
8320.00
17680.00
274527.00
405270.00
20706.00
48500.00
158543.00
120960.00
267995.00
241200.00
201348.00
276.00
8360.00
44688.00
119325.00
4761.00
47641.00
62550.00
103626.00
15007.50
48735.00
5071.50
45972.50
58968.00
111780.00
4368.00
101137.50
2178.00
167649.00
8366.00
286195.00
64030.50
4860.00
31408.00
33872.00
46431.00
188955.00
77346.50
28120.00
4899.00
11760.00
50048.00
5960.50
16704.00
51360.00
28000.00
70980.00
3744.00
60952.50
224812.00
146664.00
104576.00
8794.50
69300.00
299838.00
16965.00
54150.00
108560.00
37758.00
14616.00
21070.00
3965.00
121440.00
28057.50
52920.00
4437.00
3937.50
17280.00
8064.00
9792.00
158004.00
59944.00
74480.00
62.00
8976.00
13104.00
244596.00
48400.00
53509.50
9398.00
133380.00
20008.00
173800.00
53352.00
10117.00
247200.00
7326.00
323106.00
51597.00
4947.00
16632.00
108702.00
71910.00
8432.00
164.50
9016.00
25631.00
223200.00
1558.00
845.50
177472.00
420.00
106704.00
203040.00
76325.00
418797.50
401128.00
220116.00
193800.00
32850.00
9570.00
99508.50
37240.00
177450.00
63250.00
216672.00
321408.00
9450.00
109901.00
125255.00
82563.00
237984.00
760.00
57624.00
67166.00
140238.00
608751.00
23800.00
158.00
50388.00
170400.00
66082.00
32245.50
290400.00
191590.00
74820.00
246738.00
95004.00
141102.00
6696.00
3760.00
43050.00
50232.00
8184.00
75516.00
513360.00
29900.00
14800.00
166944.00
191646.00
7038.00
45696.00
15336.00
9024.00
240124.50
125664.00
47709.00
137540.00
31005.00
107590.00
114075.00
358848.00
115440.00
52470.00
165087.00
103212.00
99990.00
298275.00
18810.00
2106.00
68208.00
31350.00
43987.50
175875.00
56700.00
215982.00
62.50
63882.00
75888.00
139635.00
54560.00
74205.00
23128.00
23292.50
8930.00
279350.00
6048.00
569772.00
800.00
153594.00
67716.00
281880.00
4335.00
23496.00
61200.00
228735.00
107245.50
12852.00
99670.50
228.00
29841.00
26936.00
54648.00
210366.00
173436.00
46656.00
46398.00
9360.00
32016.00
30140.00
1820.00
43092.00
14773.50
4312.00
34580.00
204600.00
68160.00
2394.00
46975.50
451008.00
136752.00
161782.50
16037.00
15262.50
69646.50
213440.00
17472.00
30624.00
9792.00
32319.00
9405.00
262542.00
9301.50
275176.00
16240.00
53352.00
10881.00
58432.50
9352.50
21004.00
241300.00
7296.00
244776.00
173376.00
66528.00
50160.00
24157.00
93240.00
603.00
100920.00
28288.00
11498.50
374220.00
9000.00
1206.00
31372.50
70587.00
87300.00
306720.00
49612.50
17955.00
5550.00
124500.00
51840.00
7276.50
11440.00
29920.00
184040.00
34300.00
523138.00
89000.00
292656.00
61600.00
12792.00
22407.00
225216.00
518880.00
4400.00
97092.00
194400.00
56133.00
218892.00
44688.00
191552.00
48847.50
31959.00
29939.00
81312.00
24187.00
68068.00
55660.00
99360.00
89424.00
88102.00
23040.00
3887.00
42525.00
14520.00
477318.00
92430.00
18742.50
134077.50
9680.00
93456.00
2958.00
16835.00
42804.00
86526.00
37950.00
16065.00
8436.00
50100.00
245763.00
51984.00
51842.00
259920.00
54432.00
99540.00
7920.00
7135.50
215604.00
228462.00
14993.00
21930.00
4543.00
233766.00
13870.00
31360.00
152880.00
54796.50
7344.00
51824.00
621.00
148390.00
106020.00
4600.00
139150.00
56700.00
75726.50
9817.50
27787.50
106892.50
19110.00
36844.00
19425.00
24288.00
316000.00
4837.50
25840.00
129195.00
12240.00
86688.00
79350.00
50052.00
362710.00
9900.00
48510.00
124579.00
12300.00
22869.00
11232.00
102414.00
27132.00
174240.00
6370.00
307781.00
7830.00
8850.00
138320.00
132480.00
22968.00
54473.00
9744.00
11440.00
350.00
92820.00
7654.50
28860.00
69768.00
25935.00
16292.50
160173.00
77265.00
21280.00
51870.00
131890.00
54648.00
187920.00
8091.00
60858.00
206514.00
245427.00
286810.00
135198.00
61500.00
247500.00
18550.00
339105.00
3420.00
200736.00
13981.00
107900.00
19344.00
12103.00
147441.00
65772.00
6060.50
203680.00
12919.50
252225.00
224416.50
26195.00
2112.00
140481.00
12265.50
3519.00
54901.00
422400.00
6052.00
18360.00
2863.50
25080.00
76648.00
172608.00
8820.00
64296.00
34398.00
242190.00
196910.00
33465.00
5610.00
1521.00
214252.50
10716.00
7872.00
10881.00
55125.00
85492.00
42304.50
3555.00
83886.00
60233.00
147840.00
9558.00
9520.00
47040.00
2116.00
55755.00
74250.00
27500.00
24000.00
431892.00
178524.00
16926.00
150450.00
12825.00
51744.00
115920.00
346518.00
52000.00
436218.00
37206.00
60352.00
64311.00
24300.00
163447.50
67116.00
36540.00
29120.00
322920.00
76630.00
21252.00
40540.50
84150.00
170940.00
13083.00
637411.50
69864.00
158508.00
82080.00
12177.00
18480.00
378.00
20740.00
24420.00
135828.00
89352.00
49329.00
128649.50
15345.00
28860.00
232000.00
68796.00
188928.00
10395.00
4320.00
274000.00
8740.00
399789.00
96922.00
55272.00
179118.00
164000.00
22134.00
195000.00
32538.00
40248.00
97436.50
4437.00
9408.00
25200.00
100188.00
78540.00
3118.50
7560.00
21655.00
20092.50
74340.00
3152.50
28470.00
89775.00
171570.00
1036.00
288288.00
16800.00
153738.00
362544.00
63640.50
246307.50
51840.00
139968.00
2640.00
11934.00
16926.00
162348.00
78375.00
29808.00
70176.00
247680.00
80500.00
260043.00
242060.00
49020.00
15840.00
75888.00
43680.00
102480.00
49589.50
19584.00
27324.00
92169.00
149240.00
10098.00
5896.00
59029.50
420168.00
11152.00
49680.00
176904.00
28644.00
26568.00
82008.00
78375.00
105393.00
357896.00
10080.00
70794.00
122850.00
260760.00
38115.00
99792.00
74592.00
11092.50
192920.00
44226.00
463420.00
63600.00
79992.00
16038.00
52377.00
83616.00
102238.00
311277.00
325248.00
16170.00
663.00
255619.00
6859.00
15067.00
674163.00
3528.00
209510.00
109760.00
11186.00
33973.50
20776.00
331100.00
23166.00
126378.00
122220.00
99792.00
38880.00
235224.00
263200.00
133162.50
95904.00
1891.50
83053.00
9945.00
8784.00
12740.00
1260.00
11637.50
31135.50
910.00
125356.00
19992.00
40014.00
143990.00
6552.00
132495.00
33286.00
58905.00
90000.00
52521.00
27405.00
220752.00
126585.00
63779.00
170940.00
279450.00
19360.00
1482.00
990.00
64521.00
41541.50
7154.00
7104.00
31200.00
12936.00
165572.00
25344.00
14994.00
135240.00
60192.00
332120.00
170163.00
146965.00
30268.00
109980.00
37667.50
251256.00
45333.00
11310.00
80325.00
103788.00
22880.00
527.00
77959.00
4370.00
232560.00
308352.00
10368.00
279312.00
34760.00
51700.00
217967.00
29930.00
11781.00
117348.00
74938.50
329868.00
125356.00
351900.00
6600.00
55272.00
1785.00
73804.50
70312.00
272700.00
21367.50
15808.00
170560.00
191984.00
127600.00
2580.00
257972.00
101520.00
285852.00
258804.00
136680.00
38760.00
72000.00
477750.00
291018.00
63580.00
16100.00
36993.00
20292.00
62123.00
41250.00
529720.00
13750.00
4280.00
108528.00
448.00
402486.00
22320.00
97216.00
23664.00
387000.00
101520.00
34320.00
38880.00
81965.00
17517.50
24832.50
63525.00
54340.00
7650.00
2304.00
79200.00
28188.00
124845.00
77520.00
46508.00
2704.00
83300.00
5394.00
310002.00
68034.00
46644.00
13872.00
158410.00
115700.00
80476.00
14976.00
152880.00
197538.00
33165.00
29672.50
43114.50
193688.00
21384.00
8760.00
43851.50
110121.00
71891.00
13920.00
219830.00
73.00
15015.00
6160.00
21112.00
24320.00
142800.00
308880.00
42471.00
50112.00
3990.00
5180.00
85750.00
257985.00
96222.00
7980.00
57024.00
447174.00
211167.00
11484.00
54684.00
28044.00
738.00
218500.00
66293.50
54054.00
8100.00
31185.00
427425.00
165165.00
166083.00
510.00
11934.00
5800.00
167872.00
190320.00
79540.00
57235.50
156200.00
133110.00
3942.00
47740.00
19980.00
101520.00
33456.50
27945.00
188748.00
27720.00
155830.50
73185.00
5544.00
16492.00
281475.00
12705.00
13892.00
19740.00
68085.00
106760.00
8649.00
126720.00
73012.50
40334.00
191345.00
245872.00
195457.50
201960.00
277200.00
111996.00
11094.00
20592.00
1900.00
70004.00
69600.00
55812.50
57293.00
186120.00
77220.00
116064.00
2210.00
39780.00
85140.00
6327.00
65560.00
3195.00
283783.50
77625.00
169312.00
173635.00
23320.00
346752.00
135036.00
5280.00
20805.00
49248.00
418950.00
3402.00
22050.00
2109.00
103400.00
97614.00
72187.50
50065.00
103806.00
110124.00
340136.00
127252.50
117450.00
88837.00
130272.00
224224.00
133666.00
142934.00
342240.00
31525.00
213934.00
3105.00
2340.00
90168.00
18450.00
90090.00
319152.00
32844.00
238212.50
3312.50
129800.00
16864.00
72072.00
17760.00
3560.00
48400.00
13760.00
18720.00
341779.50
14904.00
51324.00
72726.00
45496.00
54880.00
120060.00
128.00
138320.00
18150.00
67080.00
22792.00
284917.50
4941.00
3410.00
103837.50
58285.50
34560.00
121520.00
210240.00
31104.00
184404.50
12960.00
104125.00
45632.00
2760.00
34254.00
261144.00
5301.00
6387.50
391950.00
120412.50
95830.00
41613.00
58212.00
290472.00
89302.50
30.00
12342.00
20769.00
38250.00
24255.00
86840.00
153920.00
27040.00
51129.00
196969.50
122512.00
21118.50
125968.50
71284.50
74704.00
58140.00
263250.00
60489.00
1530.00
135481.50
393216.00
38626.00
143880.00
70406.00
29040.00
559845.00
541120.00
4746.00
49104.00
70840.00
82838.00
74844.00
121856.00
5320.00
40810.00
236964.00
61500.00
115681.50
360.00
25900.00
247.50
22428.00
242720.00
15732.50
371497.50
32214.00
4531.50
18750.00
36960.00
24840.00
922.50
33143.00
14756.00
106191.00
14256.00
111676.50
246960.00
159975.00
6154.00
75348.00
7840.00
6318.00
222261.00
69331.50
351231.00
4250.00
7000.00
114912.00
31798.50
11872.00
102399.00
6327.00
13612.50
85536.00
30225.00
230422.50
249288.00
6840.00
3075.00
47304.00
97704.00
79443.00
83200.00
150336.00
124000.00
32643.00
51840.00
173098.00
3230.00
131365.00
29205.00
13920.00
323433.00
55536.00
88042.50
197316.00
24273.00
254646.00
26200.00
1078.00
97185.00
72832.50
168498.00
7920.00
69797.00
14892.00
34692.00
30459.00
9044.00
9367.00
4851.00
51792.00
16848.00
136125.00
142044.00
180576.00
78200.00
234175.00
25272.00
114400.00
2981.50
10530.00
6820.00
88736.00
14742.00
42066.00
92736.00
21632.00
548100.00
54810.00
305448.00
442750.00
73226.00
44800.00
8586.00
100100.00
125736.00
364650.00
50765.00
128248.00
78408.00
441792.00
301320.00
120042.00
26622.00
61560.00
12642.00
31185.00
86000.00
291232.50
174163.50
1700.00
7544.00
14250.00
214252.50
4992.00
67860.00
9061.00
125856.00
169576.00
145530.00
104811.00
867.00
2295.00
3859.50
200000.00
119040.00
121095.00
1950.00
46020.00
132561.00
361713.00
90944.00
6643.00
3960.00
37762.50
105042.00
76257.50
54684.00
5715.50
81585.00
124215.00
2703.00
19500.00
182457.00
3069.00
19792.50
145314.00
5021.50
14630.00
170772.00
19206.00
71820.00
193750.00
18816.00
269500.00
208278.00
27060.00
11970.00
7896.00
246560.00
114471.00
37485.00
6720.00
69552.00
112483.50
294294.00
73718.00
58696.00
263482.50
203400.00
74646.00
31960.00
32118.00
35560.00
232128.00
17583.50
4128.00
338200.00
31369.00
12597.00
9520.00
59983.00
8640.00
239540.00
3960.00
5256.00
56511.00
2840.00
134784.00
72160.00
110112.00
40950.00
148995.00
468825.00
167260.50
70470.00
13340.00
9504.00
21824.00
227994.00
36064.00
6510.00
337948.00
386942.00
18468.00
2262.00
14175.00
88560.00
1612.00
202032.00
81432.00
1458.00
54665.00
3270.00
324439.50
93060.00
400416.00
32467.50
71442.00
150220.00
301104.00
12096.00
177606.00
62244.00
5280.00
2670.00
6601.00
52920.00
93863.00
57888.00
146800.50
30260.00
102300.00
9100.00
251472.00
3575.00
233479.00
22720.00
26832.00
38025.00
23680.00
196695.00
150975.00
12760.00
33600.00
19480.50
330.00
3990.00
6624.00
181764.00
6336.00
39690.00
344.00
53064.00
32718.00
266475.00
5600.00
78435.00
8140.50
94162.00
9598.50
8550.00
22059.00
28242.50
221490.00
12487.50
186162.00
99807.50
83160.00
149380.00
95256.00
13728.00
436088.00
204792.00
198.00
43758.00
90837.50
142345.00
20709.00
142762.50
12622.50
31122.00
15427.50
66150.00
38808.00
263032.00
8208.00
62100.00
129717.00
15000.00
9648.00
7200.00
302499.00
279000.00
244672.50
19844.00
8400.00
8410.00
144378.50
9696.00
48081.00
172557.00
141267.00
103032.00
61008.00
72864.00
73632.00
56448.00
20130.00
48877.50
53707.50
82393.50
207090.00
36720.00
254904.00
624.00
8856.00
20150.00
2060.00
13398.00
328265.00
29920.00
50000.00
144697.50
75240.00
146850.00
26240.00
200032.00
18816.00
140679.00
3237.50
1638.00
5544.00
186560.00
15792.00
202566.00
32046.00
423.00
60639.00
94047.00
115920.00
26010.00
309624.00
48742.50
15792.00
18886.00
29666.00
5508.00
89397.00
4998.00
4896.00
175440.00
422037.00
152520.00
134420.00
11760.00
30920.50
1342.00
35000.00
31768.00
8694.00
5780.00
240465.00
145800.00
16313.50
8326.50
121334.00
11172.00
59926.00
74587.50
7031.50
102638.00
165280.50
590.00
66990.00
317089.50
77280.00
23064.00
30033.00
18216.00
36850.00
49087.50
126.00
95418.00
77314.50
20790.00
180412.00
48672.00
384788.00
46926.00
6307.50
1824.00
252760.00
51120.00
12222.00
2160.00
133245.00
191808.00
5700.00
120750.00
59708.00
167079.00
2250.00
73780.00
621.50
55216.00
47034.00
7490.00
141960.00
60450.00
32500.00
123406.50
14098.00
11088.00
17556.00
95285.00
500388.00
1136.00
33000.00
356440.00
4428.00
277200.00
14560.00
373491.00
42840.00
6370.00
3774.00
250194.00
10241.00
161210.00
38760.00
72044.00
31863.00
58140.00
78300.00
112087.50
183580.00
38055.00
45880.00
42588.00
108808.00
1950.00
12528.00
62976.00
29458.00
504.00
97185.00
23166.00
6804.00
447430.50
123690.00
52611.00
28560.00
16125.00
162211.50
25116.00
1704.00
99876.00
156065.00
1591.00
319594.50
276360.00
3591.00
68477.50
26166.00
127008.00
19197.00
299367.00
175644.00
14976.00
3344.00
2808.00
31668.00
106231.50
56700.00
1501.50
35061.00
97234.50
130848.00
115920.00
39690.00
482469.00
24752.00
22770.00
12420.00
22815.00
2640.00
343482.00
115920.00
2400.00
146970.00
108570.00
64538.00
94772.00
490.00
29400.00
136206.00
29988.00
70056.00
21070.00
7980.00
196800.00
45360.00
25172.00
195054.00
19530.00
410800.00
34371.00
83142.00
6270.00
44800.00
56430.00
79875.00
41820.00
13348.00
145728.00
2660.00
222548.00
54054.00
214880.00
81862.00
592500.00
10125.00
105105.00
53808.00
53960.00
84018.00
265965.00
57400.00
14256.00
32190.00
714.00
8491.50
209380.00
203414.00
6412.50
324597.00
32085.00
5519.50
227755.00
190008.00
171380.00
2730.00
446310.00
108506.50
135315.00
4002.00
17630.00
2268.00
33330.00
14976.00
150479.00
8505.00
32190.00
47970.00
103240.00
23205.00
79254.00
33354.00
2820.00
77550.00
10304.00
47600.00
5760.00
32895.00
255300.00
66600.00
126802.50
96921.00
16834.50
1870.50
3312.00
59048.00
111520.00
28704.00
1680.00
348174.00
216108.00
13513.50
69264.00
18585.00
4935.00
138288.00
135564.00
2744.00
195372.00
406.00
8032.50
51840.00
65412.00
66150.00
84084.00
9310.00
98900.00
73515.00
58443.00
238650.00
63920.00
226689.00
49950.00
23902.00
13680.00
490195.00
77760.00
34320.00
2430.00
259505.00
8200.00
211848.00
6534.00
32130.00
60000.00
80750.00
23478.00
14850.00
139035.00
14586.00
92340.00
338910.00
27456.00
53070.00
245983.50
400734.00
366102.00
327180.00
121278.00
161875.00
99216.00
15433.00
20976.00
29078.00
69097.50
30550.00
11662.00
1562.00
79380.00
108669.00
49248.00
1862.00
24948.00
61194.00
23751.00
5625.00
588200.00
6215.00
546430.50
27440.00
20900.00
218280.00
8721.00
8944.00
486.00
6110.00
93240.00
23292.50
62953.00
23400.00
194110.00
127581.00
48400.00
193162.50
35100.00
54978.00
70537.50
233167.00
296296.00
16614.00
7312.50
4045.50
208800.00
7125.00
18424.00
1428.00
10656.00
79800.00
20475.00
22022.00
1870.50
157263.00
15242.50
108108.00
350714.00
18900.00
1687.50
209456.00
871.00
42768.00
43065.00
525825.00
13282.50
296695.00
36500.00
15910.00
23940.00
131036.00
14399.00
85629.00
98800.00
125752.50
94250.00
119712.00
123750.00
3442.50
38874.00
41888.00
390080.00
69300.00
1540.00
68628.00
7370.00
100820.00
327273.00
17640.00
3312.00
158340.00
9828.00
285418.00
16236.00
85932.00
9690.00
99826.00
155550.00
9030.00
31356.00
31152.00
62814.00
436800.00
26700.00
184470.00
103818.00
9152.00
61857.00
114855.00
42435.00
128700.00
70300.00
90024.00
22512.00
18760.00
89964.00
15433.00
10005.00
53720.00
120120.00
14280.00
70875.00
149100.00
13348.00
14076.00
115584.00
42408.00
65048.00
24495.00
64395.00
24650.00
55200.00
11016.00
13050.00
6960.00
249018.00
140008.00
38083.50
67303.00
3087.00
33845.50
49728.00
10412.50
235552.50
280592.00
232551.00
7802.00
345.00
23166.00
112574.00
48177.00
160050.00
46035.00
311550.00
18360.00
25389.00
476803.50
54978.00
46462.50
4599.00
18400.00
50976.00
69003.00
45135.00
49400.00
20424.00
222223.50
16472.00
258400.00
68850.00
4347.00
110000.00
237407.50
80465.00
19285.50
40040.00
90675.00
3416.00
224664.00
7936.00
20412.00
71094.00
6533.00
7600.00
67456.00
17845.00
15000.00
79618.00
28860.00
441304.50
51597.00
558.00
142290.00
3675.00
45962.00
344.00
20064.00
88440.00
111132.00
213012.00
109200.00
31164.00
608932.00
258750.00
324441.00
168000.00
11025.00
46683.00
114144.00
337272.00
144112.50
15041.00
15990.00
35136.00
106172.00
17040.00
47197.50
77616.00
121894.50
104675.00
112746.00
38704.00
55216.00
200925.00
29070.00
5340.00
136244.50
16512.00
336303.00
23680.00
41382.00
16560.00
68160.00
242443.00
61427.00
83592.00
189392.00
10710.00
121125.00
165186.00
22000.00
36000.00
58302.00
143341.00
42160.00
95287.50
73200.00
29610.00
4125.00
19448.00
12105.50
12758.50
32472.00
73962.50
7581.00
46920.00
209160.00
48807.00
61596.00
36993.00
29546.00
21060.00
4680.00
267648.00
19425.00
220.00
12060.00
42282.00
445560.00
69862.50
73920.00
73237.50
5696.00
109478.00
5928.00
38280.00
22638.00
5544.00
294840.00
154442.00
105570.00
6600.00
43173.00
10440.00
51480.00
88102.00
61600.00
60458.00
10395.00
84409.00
33897.50
1872.00
156262.00
87792.00
125120.00
119556.00
14256.00
13860.00
4944.00
147136.00
232596.00
176442.50
24840.00
33592.00
209684.00
36112.00
85000.00
101185.00
297297.00
29469.00
1921.50
53760.00
129168.00
47724.00
18360.00
164703.00
126060.50
59640.00
201600.00
199.50
384678.00
212212.00
121716.00
12516.00
75840.00
496392.00
65844.00
127008.00
273585.00
486563.00
3570.00
93150.00
130910.00
111952.50
11137.50
89503.00
361456.00
2968.00
90948.00
102.00
1568.00
118910.00
90585.00
72716.00
8640.00
50112.00
20350.00
134640.00
47520.00
5037.00
22825.00
6422.00
8580.00
13965.00
17442.00
69552.00
72030.00
282564.00
205640.00
268800.00
89676.00
266475.00
12320.00
3000.00
72996.00
3264.00
70821.00
31185.00
103996.50
9672.00
268003.50
74100.00
11520.00
20790.00
15554.00
5304.00
150480.00
21390.00
2958.00
236470.00
24816.00
155946.00
8976.00
50685.00
44352.00
5544.00
1314.00
25155.00
39900.00
10880.00
172900.00
6565.00
55225.00
41160.00
100800.00
129888.00
34496.00
45900.00
342000.00
735.00
57350.00
1870.00
325500.00
70596.00
184828.00
1218.00
9603.00
288331.00
3444.00
25740.00
9000.00
85215.00
19296.00
1323.00
34400.00
588.00
8624.00
47880.00
11562.00
353584.00
94860.00
43092.00
46640.00
300.00
53159.00
1620.00
5984.00
1440.00
22800.00
7222.00
189540.00
90.00
226780.00
42373.50
93220.00
83077.50
55796.00
70412.50
87720.00
224.00
103700.00
156975.00
293314.00
3762.00
8613.00
25600.00
134162.00
19580.00
80640.00
42262.50
1856.00
82289.00
10368.00
152640.00
56376.00
262548.00
24766.00
49491.00
619245.00
117450.00
30450.00
856.00
6966.00
229810.00
3485.00
16281.00
86240.00
73416.00
2808.00
359996.00
91368.00
8946.00
133666.00
3748.50
9660.00
40572.00
16632.00
11616.00
19256.00
226462.50
49572.00
39882.00
35588.00
213237.00
46980.00
7150.00
20805.00
32144.00
85492.00
8844.00
13800.00
331449.00
33048.00
11388.00
62524.00
1501.50
126208.00
346896.00
401554.00
74480.00
3657.00
17360.00
836.00
14640.00
67431.00
173119.50
223212.00
153468.00
32712.00
43890.00
12690.00
2484.00
83421.00
487305.00
15776.00
82170.00
20425.00
129360.00
9120.00
7152.00
6840.00
85848.00
356950.00
19240.00
152152.00
125440.00
52972.00
55361.00
3915.00
142494.00
6048.00
204015.00
217620.00
12160.00
365760.00
5100.00
26461.50
576.00
57684.00
193440.00
111000.00
40590.00
50439.00
29106.00
111328.00
258000.00
9509.50
52272.00
128453.50
211548.00
181500.00
38088.00
25872.00
195696.00
130830.00
35014.00
64064.00
2201.00
136080.00
90364.00
3502.00
2250.00
92400.00
30888.00
99981.00
12177.00
7937.50
20221.50
209496.00
195840.00
34780.00
89632.50
13090.00
80360.00
269178.00
45024.00
344960.00
4350.00
73112.00
112200.00
77274.00
69345.00
7120.00
10332.00
154536.00
12716.00
149940.00
299584.50
93310.00
13667.50
214438.00
263552.00
15600.00
30024.00
291682.00
125130.00
30597.00
59670.00
47025.00
548680.00
139594.00
50715.00
1176.00
63724.50
229840.00
347472.00
51030.00
199650.00
228.00
10208.00
1566.00
85905.00
106228.50
5250.00
314330.00
107865.00
38122.50
2820.00
747441.00
217620.00
41952.00
269514.00
488824.00
171600.00
1140.00
543168.00
270000.00
122892.00
108072.00
106920.00
52693.00
78750.00
576.00
78625.50
173419.00
189157.00
62100.00
559062.00
24700.00
7507.50
74727.00
211869.00
121550.00
135.00
46208.00
338800.00
49700.00
37380.00
219294.00
101080.00
25168.50
88978.50
19197.00
61992.00
86100.00
133632.00
18816.00
91512.00
73440.00
2375.00
2200.00
4160.00
258944.00
42840.00
28014.00
85330.00
2790.00
146880.00
72292.50
301392.00
88952.50
199200.00
3780.00
153252.00
35380.00
52650.00
71955.00
4416.00
181770.00
67155.00
187680.00
28288.00
16200.00
62730.00
66785.00
15760.50
27600.00
297360.00
27872.00
46215.00
24024.00
52992.00
71440.00
9672.00
89280.00
325507.50
19800.00
83538.00
103588.00
142040.00
100672.00
35650.00
101062.50
146421.00
465692.50
306504.00
7290.00
6930.00
20723.00
1008.00
188282.50
97929.00
30940.00
229027.50
379440.00
283783.50
18126.00
66256.00
32130.00
4800.00
389760.00
53088.00
32208.00
38184.00
32912.00
154301.00
75854.00
9177.00
42484.00
41160.00
26352.00
187425.00
43877.00
102256.00
57575.00
50085.00
3360.50
119232.00
7553.00
3432.00
136500.00
10952.00
286552.00
12177.00
83160.00
191520.00
312130.00
19184.50
129500.00
5920.00
67735.00
25839.00
27360.00
2268.00
136847.50
346256.00
119040.00
295104.00
329034.00
100062.00
45880.00
87537.50
1232.00
13747.50
546.00
22701.00
153360.00
2912.00
47580.00
430865.00
7177.50
492328.00
79443.00
422280.00
2152.50
295800.00
274950.00
229164.00
17160.00
114144.00
135720.00
166848.00
6174.00
46575.00
7614.00
80514.00
8778.00
109890.00
462057.00
106020.00
12505.00
21450.00
81360.00
55187.00
175956.00
29274.00
143910.00
8500.00
79515.00
98550.00
59840.00
36850.00
3800.00
75934.50
155940.00
6624.00
11439.00
163390.50
26617.50
7087.50
145225.00
175560.00
37000.00
22908.00
111972.00
17472.00
148248.00
6930.00
37030.00
3720.00
43142.00
735.00
72072.00
23660.00
82302.00
9438.00
11628.00
99456.00
20520.00
347820.00
62928.00
140070.00
248157.00
196156.00
211904.00
28864.00
171825.00
38692.50
189540.00
28875.00
2448.00
1372.00
44100.00
9955.00
24030.00
147420.00
141752.00
337920.00
104880.00
15540.00
111150.00
85425.00
268272.00
938.00
33108.00
35380.00
51170.00
40698.00
23750.00
53812.50
2352.00
9504.00
108702.00
43460.00
15088.00
10584.00
78260.00
38769.50
13090.00
12848.00
167090.00
31648.00
12480.00
4700.00
13629.00
12118.00
63210.00
1500.00
13500.00
46683.00
315810.00
55352.00
31356.50
16740.00
256410.00
2000.00
139002.50
25810.00
174933.00
33480.00
83028.00
9009.00
34560.00
84630.00
343200.00
38700.00
24472.00
156400.00
11160.00
8354.50
26432.00
6110.00
3174.00
178106.00
114885.00
156240.00
37145.00
3672.00
17280.00
30176.00
95175.00
111375.00
274536.00
46004.00
92425.50
2730.00
160425.00
97578.00
10080.00
10179.00
53287.50
23920.00
64400.00
52164.00
112266.00
3375.00
192888.00
24453.00
5859.00
85173.00
75174.00
14962.50
271842.50
42250.00
157168.00
66528.00
74800.00
32736.00
360396.00
18560.00
557023.50
290304.00
127664.00
46800.00
33930.00
24750.00
37800.00
100188.00
53406.00
7560.00
98982.00
2263.00
112896.00
5250.00
780.00
101175.00
272745.00
480.00
66912.00
840.00
21775.00
27336.00
115351.00
53592.00
22022.00
34185.00
96360.00
76076.00
23940.00
392920.00
35002.00
165240.00
7840.00
15228.00
87360.00
24768.00
22120.00
216090.00
72072.00
95040.00
211970.00
2240.00
66348.00
40068.00
55693.00
112762.50
14400.00
676.00
83980.00
5264.00
2560.00
30096.00
30044.00
263764.00
38400.00
73101.00
113280.00
109200.00
110250.00
87912.00
206646.00
24255.00
2975.00
1080.00
175950.00
17762.50
8019.00
41.00
7800.00
100035.00
518738.00
2280.00
207360.00
980.00
5481.00
2052.00
12096.00
88706.50
9937.50
428640.00
108640.00
52992.00
7920.00
179193.00
82687.50
347800.00
2310.00
171879.00
5947.50
24863.00
264.00
74725.00
11928.00
76038.00
99029.00
345744.00
296055.00
496.00
36975.00
852.00
18711.00
221312.00
67307.50
310420.00
999.00
59850.00
30360.00
134044.00
400890.00
252280.00
66150.00
17360.00
52888.50
34500.00
175168.00
67445.00
78540.00
26448.00
109368.00
6539.50
36679.50
3552.00
8910.00
50225.00
107971.50
92610.00
120384.00
1848.00
4725.00
63504.00
26136.00
10320.00
44000.00
235872.00
144287.50
6930.00
198990.00
34443.00
47916.00
495198.00
18562.50
45756.00
151776.00
454608.00
71527.50
10752.00
37191.00
680940.00
182476.00
53352.00
13224.00
13944.00
3714.50
124720.50
1410.00
352084.00
72930.00
22464.00
1900.00
68450.00
121800.00
356125.00
59136.00
45100.00
88452.00
7314.00
157500.00
186010.00
323792.00
9120.00
22464.00
3300.00
87542.50
312390.00
2790.00
35640.00
2112.50
56940.00
21090.00
28060.00
74898.00
12144.00
247054.50
60016.00
22680.00
79200.00
159840.00
76032.00
115320.00
90882.00
15732.00
37440.00
66748.00
99840.00
39812.50
1540.50
216.00
164900.00
15609.00
41866.50
56867.50
107448.00
21807.50
161472.00
93480.00
160923.00
129276.00
3607.50
89964.00
50085.00
1245.00
68544.00
15895.00
552.00
296460.00
160650.00
178112.00
7437.50
73440.00
1235.00
26180.00
7847.50
244672.50
89562.00
97155.00
154105.00
112347.00
173850.00
134946.00
650256.00
121485.00
66550.00
13702.50
7293.00
17600.00
18880.00
22410.00
608.00
297360.00
357357.00
44220.00
94101.50
67769.50
49608.00
37444.00
110250.00
186957.50
156702.00
243725.50
223366.00
35298.00
1392.00
126616.00
259584.00
205758.00
229152.00
4450.00
57720.00
5440.00
431694.50
58630.00
39102.00
78078.00
27225.00
135135.00
260400.00
29986.00
643839.00
158000.00
16477.50
19313.00
39951.00
190960.00
158886.00
8910.00
70784.00
77221.00
107136.00
83398.00
97055.00
61158.50
164736.00
86912.00
141288.00
9964.00
118560.00
34560.00
46483.00
24598.50
160050.00
47586.00
84150.00
8466.00
178020.00
11988.00
6090.00
22704.00
51200.00
114.00
89175.00
141284.00
103200.00
4095.00
27287.50
175392.00
564.00
154560.00
77962.50
16150.00
140392.00
88830.00
251149.50
40600.00
43134.00
254819.00
205625.00
22680.00
13944.00
4360.50
32376.00
126198.00
131760.00
174348.00
5336.00
81600.00
20164.00
1632.00
262080.00
5394.00
132678.00
82775.00
7700.00
142576.00
341055.00
248384.50
39732.00
54180.00
52052.00
28800.00
3840.00
21560.00
48484.00
106860.00
50730.00
87192.00
24505.00
93093.00
450.00
34357.00
91494.00
5994.00
58806.00
55328.00
77616.00
44625.00
5395.00
14080.00
362440.00
6890.00
61100.00
139656.00
58968.00
76440.00
35424.00
107328.00
474720.00
146520.00
154089.50
25080.00
29750.00
2046.00
53865.00
64484.00
924.00
147420.00
76551.00
13440.00
113305.00
44700.00
28860.00
25296.00
42159.00
5360.00
57792.00
13440.00
19404.00
27405.00
10944.00
249900.00
5390.00
2170.00
452565.00
11340.00
248724.00
23655.00
558.00
122850.00
190302.00
90552.00
106314.00
70070.00
101246.00
238728.00
97328.00
10206.00
31968.00
92977.50
38232.00
54000.00
182780.00
104412.00
102305.00
148992.00
7605.00
70848.00
121275.00
1200.00
198660.00
73206.00
57316.00
54432.00
109069.50
11602.50
1988.00
76590.00
172224.00
88602.50
62400.00
23324.00
1187.50
14907.50
16686.00
75472.00
143370.00
24570.00
70290.00
120666.00
18832.50
117936.00
55860.00
26180.00
227800.00
20856.00
50277.50
19796.00
16720.00
37152.00
61020.00
23185.50
80724.00
89531.00
265540.00
36859.00
30562.00
19414.50
92400.00
2784.00
9568.00
154000.00
2740.50
43367.50
3872.00
42066.00
63492.00
62040.00
12180.00
23120.00
82800.00
23219.00
4600.00
338724.00
230.00
95550.00
100050.00
168210.00
166098.00
232593.00
82082.00
102960.00
13794.00
303600.00
620928.00
513084.00
174000.00
178200.00
463805.50
60146.00
10935.00
27846.00
192394.00
327892.50
79942.50
6240.00
5390.00
9234.00
3192.00
362080.00
215.00
87780.00
2990.00
125541.00
247162.50
3237.00
8482.50
175560.00
756.00
76818.00
26840.00
13986.00
253764.00
107508.00
153408.00
35776.00
8505.00
102480.00
1960.00
64960.00
119927.50
10065.00
405460.00
37800.00
28161.00
131376.00
16150.00
24300.00
532.00
11900.00
7304.00
98252.00
142560.00
47610.00
6930.00
45571.50
156870.00
201903.00
11962.50
4800.00
230880.00
64990.00
35916.00
29295.00
10976.00
29700.00
382974.00
3901.50
10944.00
17885.00
3456.00
86043.00
92305.50
225504.00
332062.50
31980.00
106425.00
196788.00
47089.00
8788.50
187148.00
42483.00
432432.00
38880.00
5832.00
68544.00
213892.50
226033.00
77496.50
176400.00
1411.00
244920.00
9360.00
76296.00
291368.00
25839.00
50764.00
290272.50
412500.00
13260.00
268272.00
109725.00
271120.50
332605.00
140794.50
19240.00
56640.00
11895.00
71344.00
182700.00
576450.00
143550.00
91872.00
138240.00
40986.00
8439.00
9152.00
23870.00
153252.00
10982.00
115500.00
1155.00
48510.00
43875.00
219051.00
108675.00
39432.00
47124.00
73027.50
150720.00
8050.00
58384.00
158840.00
165750.00
254083.50
22659.00
8794.50
44850.00
42768.00
20020.00
33000.00
115440.00
20034.00
65208.00
11962.50
12760.00
113880.00
98642.00
85425.00
85698.00
73425.00
148764.00
9072.00
65688.00
21250.00
130055.00
295872.00
54600.00
23478.00
3913.00
84816.00
8280.00
175084.00
31239.00
65664.00
495000.00
417120.00
62900.00
122958.00
260700.00
37752.00
14866.50
56640.00
76128.00
209808.00
25650.00
18810.00
30690.00
18810.00
11700.00
638.00
9135.00
141050.00
10543.50
73458.00
343926.00
98208.00
20790.00
123760.00
13804.00
5184.00
2035.00
17472.00
19152.00
42315.00
49392.00
27702.00
3744.00
40792.50
90454.00
355950.00
275047.50
307125.00
272550.00
54390.00
7605.00
231710.00
888.00
2054.00
120750.00
22750.00
91350.00
9835.50
79794.00
128018.00
53320.00
92700.00
12654.00
59356.00
45738.00
75240.00
216552.50
160160.00
249210.00
20200.50
5580.00
11200.00
207337.50
73507.50
55296.00
50323.00
4387.50
28116.00
109296.00
144342.00
52696.50
25200.00
104832.00
13299.00
47310.00
55104.00
9240.00
403332.00
159988.00
148512.00
354363.00
168861.00
3805.50
49680.00
3330.00
303620.00
4063.50
1720.50
34425.00
54288.00
624.00
41667.00
9828.00
36920.00
24780.00
2137.50
26622.00
107992.50
18067.00
216320.00
76415.00
45787.50
43092.00
20482.00
95000.00
27000.00
210000.00
59345.00
136900.00
19404.00
301584.00
223080.00
395600.00
244672.50
53200.00
34650.00
6120.00
12960.00
8040.00
14535.00
68742.00
132020.00
69090.00
760.00
191250.00
95760.00
79.00
3082.00
328482.50
25725.00
2220.00
22330.00
3024.00
40774.00
201400.00
112659.00
166.00
143437.50
840.00
359720.00
32000.00
85748.00
709982.00
30888.00
227976.00
11400.00
2574.00
180873.00
1860.00
102718.00
457597.50
1494.00
78042.50
39091.50
35224.00
31350.00
92055.00
155496.00
143640.00
30257.50
66975.00
87457.50
81216.00
34155.00
17917.00
73287.50
23688.00
52332.00
3961.50
131422.50
230384.00
3600.00
91630.00
111132.00
30080.00
88464.00
94393.00
175560.00
338542.00
35438.00
75140.00
11520.00
43512.00
71484.00
1900.00
57375.00
368900.00
568176.00
181048.00
165600.00
46956.00
966.00
14883.00
18096.00
15340.00
375408.00
182928.00
22876.00
41580.00
95312.00
55955.00
162240.00
299628.00
175950.00
25168.00
314580.00
25875.00
4080.00
60421.00
361543.00
41600.00
26320.00
38808.00
25704.00
12362.50
110124.00
223744.00
210056.00
828.00
10710.00
10920.00
7686.00
53136.00
374650.00
112860.00
234840.00
3815.00
8364.00
17253.00
39732.00
151620.00
1722.00
62400.00
37327.50
8208.00
125631.00
344487.00
13800.00
33048.00
119328.00
88830.00
69888.00
210210.00
74250.00
190414.00
80256.00
219186.00
22050.00
114304.00
430128.00
181916.00
447525.00
21021.00
176088.00
1530.00
24150.00
1134.00
56420.00
682.50
14632.00
76960.00
6160.00
645150.00
14297.00
8745.00
54631.50
69003.00
98280.00
135720.00
250635.00
21114.00
204120.00
74415.00
334818.00
163350.00
241080.00
150696.00
8316.00
35501.50
32186.00
60711.50
19344.00
537471.00
2905.00
114000.00
18400.00
6048.00
420849.00
6195.00
6370.00
556800.00
149226.00
19278.00
132678.00
55272.00
60876.00
45832.50
58681.50
7920.00
426420.00
41580.00
55912.50
46197.00
101178.00
93100.00
7056.00
21735.00
18656.00
37420.50
140140.00
21996.00
455155.00
197184.00
84280.00
303303.00
15048.00
8400.00
63700.00
38552.00
88641.00
92820.00
393855.00
73500.00
1886.00
22720.00
544112.50
317688.00
68544.00
260100.00
206927.00
104210.50
416874.00
50688.00
283531.00
31108.00
89760.00
37312.00
106240.00
69776.00
12296.00
42210.00
2511.00
24128.00
46129.50
54945.00
45816.00
63261.00
5040.00
4252.50
1938.00
37422.00
347200.00
58625.00
3267.00
22800.00
11700.00
120317.50
85173.00
922.50
116280.00
748800.00
133569.00
1122.00
3212.00
5225.00
16294.50
504.00
21360.00
163152.00
1134.00
59976.00
59598.00
808582.50
394416.00
255255.00
42840.00
330750.00
90596.00
13034.00
1344.00
8811.00
124720.50
54663.50
49946.00
11088.00
3840.00
100936.00
133650.00
41250.00
124215.00
288600.00
54723.00
544.00
94563.00
49248.00
95795.00
4981.50
16280.00
7128.00
204750.00
61393.00
167508.00
5167.50
37758.00
28350.00
72036.00
311798.00
108680.00
87360.00
36900.00
11160.00
50096.00
57288.00
39375.00
66150.00
19691.00
24864.00
337120.00
158642.50
15477.00
22500.00
360.00
125235.00
106250.00
49818.00
667507.50
247950.00
115515.00
89225.50
90585.00
105408.00
143233.50
31200.00
10549.00
86640.00
49140.00
57330.00
6156.00
39424.00
141814.00
358678.00
77688.00
113053.50
21420.00
49702.50
14308.00
14850.00
31365.00
24206.00
598.00
68076.00
2736.00
15627.50
133380.00
68040.00
20020.00
81840.00
19620.00
14858.00
9438.00
188650.00
32928.00
5684.00
95917.50
46939.50
546.00
25252.50
5550.00
56610.00
26928.00
1850.00
100016.00
34303.50
4884.00
7056.00
129010.00
25602.50
145920.00
27336.00
4800.00
32103.00
123406.50
117000.00
15000.00
31752.00
75816.00
420732.00
506352.00
91494.00
63652.50
1642.50
702.00
15288.00
250240.00
16416.00
213624.00
34125.00
75141.00
51840.00
305900.00
216.00
16549.50
35000.00
123120.00
7155.00
3876.00
9765.00
252000.00
18592.50
38610.00
66960.00
52560.00
51480.00
2744.00
31200.00
7700.00
9396.00
10659.00
356562.00
16245.00
10527.00
93307.50
163500.00
66150.00
13824.00
2400.00
289380.00
7614.00
13095.00
497700.00
169950.00
327075.00
44198.00
7480.00
76230.00
228288.00
247680.00
126350.00
97290.00
64288.00
48760.00
108460.00
38640.00
268884.00
216720.00
97980.00
33120.00
220748.00
64320.00
187572.00
605.50
293861.50
1872.00
50995.00
173972.00
108750.00
51040.00
36938.00
148176.00
8816.00
38417.50
13972.50
5140.50
51870.00
57792.00
129398.00
43462.50
156348.00
82963.50
1056.00
9933.00
105750.00
