0
1
10
123456
-1234567
-123
1384927217
1078797554
1270628028
1714270608
1184566461
2117881774
562614463
738137471
1903492220
1036107999
1261142974
399675937
1430612369
787179101
1650795696
427741020
1871556809
249685203
462970679
1400793989
982706510
1300422247
2031819615
393257209
153882865
1738948429
257034800
843696513
1554126549
1465253557
613435847
791570118
396567463
1884063875
358357079
1581133924
1854462002
920971542
171787747
1610470574
1957079541
1432930721
2010146512
1240208262
72626174
1513458560
1667949282
1944182983
1763143764
2130919961
1197493324
598366626
1283858560
1081829291
991623835
1437741426
673294072
1248658636
133954291
79936973
566428545
747390138
871507092
962996008
483970366
1229864171
396646284
190948720
3352065
568434032
1801419294
1960431606
2001364753
1664082158
1053156220
2073990928
1030057071
573621854
1870690263
645717187
557058167
920699940
1244083813
1840916727
2002529231
88224001
1131174505
528339656
1336882637
1265128796
608276629
1903311182
2012518935
1479783721
718823542
349005653
562164244
1115469826
539954373
565516309
1683903858
193890019
378464267
1537784964
1857972178
1431620487
1464292244
740545601
2005242341
1187498859
1386262788
414816860
2108198799
482862953
108249940
1963244383
571086954
1239424445
344100391
1907969591
357069594
952377020
1663797125
222104881
284677094
235137019
571110534
846841338
1350606846
1111064907
1412357648
887027056
1304954926
1790821915
277328372
1015443456
1074958755
1741620616
1755989057
932717448
781635828
994768197
1347534309
742350979
1477631151
1455784249
558111714
2048718105
547725046
902212105
1809204049
904794640
1854589126
1325517526
1126899521
2139266220
1560654546
1698010055
838623910
763777744
661591314
103497910
1650804800
1966546241
1894319826
1928133173
834506049
821794933
1522270141
443011459
1754512381
156422321
1437779656
954563042
898773301
767927159
262863643
1456885015
669161617
810588690
211613473
330882018
1715383330
2066202599
1656399544
694799204
2057985171
1069570442
245325611
749125433
1833348186
906916926
852623344
1336669339
725979519
599459522
1117318864
1560485568
1421254455
492105357
2003497027
1028283188
648527679
1293793036
1982846231
1547300980
2061720195
98226226
856702347
583398164
908814916
1068315820
914280182
476714599
987034771
423196079
1171513803
897536294
1492766521
1416839414
1646661728
1178631060
176272692
351801424
367816751
902252211
951260946
1485135615
315254132
225031753
1977240972
171267511
1253314941
478285003
1465060547
1088677524
2025585983
1379297095
1186903751
734804683
1962695259
2095718667
1803120503
729491794
424949618
642671627
1152687873
1596463421
1540207921
497970746
865819188
1039386001
1676601806
1042091880
1391187425
2044418557
1944344092
194964723
1382070524
112114576
419996476
1211827849
283382087
1673311418
1690112852
1748442635
614505294
1568215188
980256082
1801409045
155536223
795467693
1749644065
1958656726
1524959487
27110035
453844705
530163712
1623573457
1994052627
1028134459
341908997
885954980
557252617
1384000877
129658758
454187527
1180861321
324623481
1836258051
1292975897
744619958
900602252
1576357985
270447728
443231457
1177316972
884953022
2011446645
10089406
538878420
19499220
805557099
141038837
1978155946
183032939
168148872
284517004
713196651
1791722329
131085983
1741331110
2133631326
1017040963
151100080
1370148556
1146699721
605287607
403526229
1471323203
294062010
1696502127
68459513
1194664263
1125376464
338907241
1637895720
155209788
1223860263
1501858717
165299194
1762738683
1521357937
970856293
1903777520
1352030235
1153889232
2071926393
1636547239
1867085884
1716165074
1767633222
1460933346
1702312753
637190538
1612033426
924977661
1783890259
69837385
1328503890
1107729814
363899396
877522369
1176189327
1558563659
2002898833
1515096568
1048975731
10624973
591473184
403350800
175924167
206728219
1924708737
1146780461
2110505740
1129255324
153186045
2034948485
618318916
2020271929
1603629911
238468490
1333721628
1158459016
875659028
798271406
2083436677
512065640
868108792
1264456920
1619795454
1232008188
2141979289
648501134
643088199
1997394475
16114054
1692063930
2008019448
607587238
2095414730
36459968
814315458
1872639819
1183240429
777337550
854411495
1336426474
664802387
1472730411
1209214756
120948650
1711198902
395452736
1279407667
439374282
1193724142
1215360696
951439922
2061832934
332333968
423751729
1146357474
326829610
1072252863
1789445673
176740437
1088366917
1334025955
37276237
1695954156
1281957037
73736205
362785966
1007113208
1256976634
1140123516
1861524704
445919461
1804925903
1186771467
1655134217
1925874553
750486721
2050586953
1057798572
1189861004
1096827447
125675621
2141300926
1011176734
458009589
417569007
10050560
784839199
1489821870
1799496234
961579636
430705140
986038541
998855874
2126659296
120511931
1072592079
341961614
1127625139
182085066
1482085130
841666195
628004527
1139527385
2028437663
135655096
917918290
631440736
38758401
1975716863
1821301740
1135585848
2101392484
1815119019
2146762582
411918425
85204378
9329495
1196757625
1575026249
1808825729
10853613
2005731389
647380622
1009709487
1984907037
767892553
2082301567
179385003
1895517693
116902985
1661470133
589700240
744907512
653513870
470654255
880562608
1571432160
1102094992
919321009
1399665375
775913084
2054906857
1353574211
443548455
2054185792
1765492637
528752834
2063515287
814766614
2103779083
1724857368
825620227
1962026824
224754342
1835329715
1799450213
992646896
1770147634
1978835216
740680941
1887050619
1492821701
1330381181
484474483
2146335571
1801035437
1365037091
1570284083
755646781
136874452
822465811
1531559865
44297661
28556374
1975108321
2098483453
1794049011
356377507
2014515092
461331977
312672942
1591888812
1286952205
127216118
1816643155
974798272
1926666331
661806403
597462258
1758017899
1402487344
337029229
1103355952
585384877
821503712
1102207875
238936666
39057155
525008310
994583447
175931607
1347474121
378659665
220229268
1376030496
206284338
171229074
1022595859
562661845
38260518
1483927837
875334787
1630149331
623396394
1002550905
1299308838
1598194666
781733588
1961115241
48173276
392267839
1216118937
385202505
1495623791
1801503814
1206706217
450348018
2040440481
1245763372
975356328
887540280
1421694979
175346802
1266199945
1641924247
1551377298
1472484283
1813153321
426489509
2035146128
1851413840
1910417346
762997267
1334079523
386330092
1765548172
485904713
1984524758
399798112
299536306
2032698034
792065951
1515655243
270416891
140206094
1169675409
1477123108
590554112
1062632242
575402832
1565910441
1950172523
1997097811
1741257243
1068888820
1491538411
1145150893
393889456
1157208084
1571640402
281551936
861138276
1334574101
1044549204
47734151
1720904193
662613728
533638864
1557945304
1062411841
833175170
1443159690
1854477792
201346765
1713576582
1994683887
1371022175
1043216042
437754351
286170769
1618618875
2003664792
88859644
1468233038
1597438387
1157748465
812287801
595105632
1551637921
1969495886
19262387
1833189857
683150514
1353836488
730255413
730884666
927257033
1392869142
1264523530
337718689
307797335
2097698701
1780878380
14791479
151561818
1346971314
2009475366
1522583993
242703708
299746070
1808754763
1861322583
155927214
1897614407
1182071974
1753365602
907879224
1994359775
200987586
312033497
1816372013
220249973
2145223355
352038880
1574086461
727995120
1082923546
353859847
2120864262
199963428
691578536
281177949
150178481
324973268
295969429
301740300
1671944582
157961147
1824324293
1914648291
457707217
1485595408
1628487226
613634432
1235726168
663075552
219516386
2143605392
509951680
420503972
308155242
178840045
640753946
305894949
530878925
67356759
1033890069
1613802471
421216606
1007270684
1813765900
1112795143
1288448633
1963944381
1437768411
1584418062
118201033
962229346
1742379210
1942525327
729393989
52602779
1280637087
210397567
666237211
368879607
873473120
885753597
365001352
1383424800
1306257570
673156594
1562264845
1947011516
979051543
2093143771
2014368275
2012941612
1559462594
288101234
872728648
1225744846
1400896377
13693634
1042205580
691181140
1598111696
1160406613
1653410486
1193007258
955448292
235320827
1245610038
88601732
445718395
1911847249
457481339
1319191515
650117199
822482691
555132667
1956374769
1495639285
2117397512
1755902637
327207180
2063057635
1622787264
192665145
1475036582
1910888498
1065393793
553297780
1164301227
1079087427
1595503360
1855482368
529715476
608426326
1361409206
1722722734
1563874618
1596730034
820849124
1652476350
2042448429
585212726
2109957690
1214156296
1235329925
784956733
1769288963
1044221046
133112371
1739202827
652640035
460319551
1654776815
127943651
652984696
982329749
2038832150
1718378490
1535627529
1055649729
649982269
983647242
763648449
1179697745
1592073568
2125057656
754936832
1008464538
1574304042
1575785956
513457241
1469268823
13515034
475931283
535941471
1248844959
1260888016
157746786
145582357
1394000387
1896949613
798222392
1854319939
1404242780
926166044
359820987
239088881
817514546
2078199477
1774716411
1873164275
580698099
610880005
489329077
1760395844
55469925
466903085
367849028
1063934463
2041207127
1943634985
1577391704
1362992302
1957150019
2053322987
1898933773
1058511331
1166727356
2056680559
1204093688
413244095
1806146524
2002316081
120080386
1062905657
780998477
479901374
1301994538
1598513023
410617203
929227301
1324193650
991315302
1540107306
1813522727
604227499
1595577231
132942164
972076527
512028047
26665643
768227864
2089419751
1389657945
577894236
1995259091
1141108070
1636405567
1014502799
1050304981
693015607
1427746894
708967858
547848040
1547827281
1771873515
1328846517
2027728655
926384405
779875892
290862210
1855611707
2104069543
1282177513
1248235365
1770108622
1886405012
696328949
1903050787
710997891
1208356996
1929716430
1479225756
1150293099
1171890728
2057119992
998068542
165515150
1546041911
2012571341
1215820132
91573870
1292834588
1924787990
639421911
693178221
1549177857
1968268428
573423228
328078614
600660673
864285438
36206673
557246568
2146462951
1284442039
179871542
1885384315
1980770988
2082922329
448898559
1041644336
1865155112
1928124315
44453787
889562192
1837760659
-19218921
-9
0
