63
31
15
3
511
31
0
63
1
127
1
511
127
127
1
15
15
31
127
127
904144290
757425742
186590282
741836888
179869064
574794278
123864034
987187752
450332441
742000286
532935628
987134201
8191
343347945
121047600
467844688
432705054
342742190
740838852
54432402
768320312
41
577581509
924952408
741621768
6936499
561199489
323755890
159975464
192352426
539756919
732079773
340482888
302697072
934007086
528539481
55032081
405365328
287599129
783523155
276895534
557531189
923599962
733056478
320425590
448365036
758733109
464819640
495164181
661808451
3
3
1
7
0
1
0
