944376092
3455506214
1695182378
4321816314
332353235
2511127413
1520751051
2199632470
3598178472
308766856
2234594170
1328820901
753805343
1170025281
2570126164
1040774912
2958112293
2708377089
990525769
2638012182
1558014643
2466541467
3131673787
85015452
566815951
1725727621
1083487339
438713487
1343631946
292915049
150453427
4487930402
3266424116
41438383
3103069251
3974353556
1848311928
24533038
597636719
3683656560
2988527700
4316628932
1686969830
2002603409
2938585017
2269990063
1756649386
2209913201
645505133
2330306324
3913738594
2887801074
4526945799
5096458110
3782456131
4476741460
3091292068
1792340387
3789399662
3751400621
4622253432
3071382432
1220913934
2534875145
4100185774
4279025249
5945012745
2565742682
2965101503
4025032320
4080064575
5511858839
5000599771
1113731883
2124950949
2145398398
3779884840
3375599248
4856211953
2880954434
4570624489
3005356658
5080454334
2637285896
2596357039
3314675505
4444595178
3420377804
3724280617
4119418706
3664919738
4456730533
3406204259
3534691089
3864189215
3244849397
6586630543
4319506005
3883498068
4534054851
2850174058
4680056855
3749167607
4337136443
3523837097
3990087594
2983160317
3560724086
3952205658
1211798957
3080179323
3734080087
1353040378
1493702696
2573942396
4648768870
3790403272
2560234414
2521720783
5046197235
3537367176
1627711881
3132742678
4199560854
3675825452
4940627262
3578436460
2906553535
4367242928
4102808743
3608756392
2596028603
2948960661
5411686294
4600475955
4972202711
4236487142
4353994380
4853289060
5166591457
3438686902
1070458510
3945406881
3545854269
3870002001
3140043517
2749295434
4847831385
4485475586
2895675597
8700000000
398
200
100
200
