0
0
0
1
0
1
1
0
0
0
1
0
0
4
2
2
3
3
3
3
2
1
2
2
3
2
3
1
3
2
3
3
3
4
2
3
3
3
4
2
3
3
2
3
3
2
3
3
2
3
2
2
2
1
2
2
2
2
1
3
3
3
2
3
3
2
2
2
2
1
2
2
3
3
2
2
2
2
1
2
2
3
4
3
2
2
2
3
3
3
3
3
4
3
3
2
2
3
2
3
2
2
3
3
3
3
2
3
4
2
2
2
2
139
150
144
146
136
145
142
146
136
135
143
144
145
145
137
139
128
144
135
148
149
140
138
137
140
136
141
144
147
137
149
141
134
139
150
137
137
137
134
135
145
139
145
139
134
146
143
148
153
145
151
146
138
149
135
142
141
138
138
142
139
140
145
139
148
149
140
142
146
142
137
143
142
143
133
151
138
140
148
135
143
141
145
146
145
138
128
140
139
137
142
144
136
142
143
144
139
135
140
145
14117
14241
14162
14110
14086
14113
14125
14161
14097
14025
14002
14134
14117
14120
14158
14067
14079
14110
14097
14123
