3
1
0
1
2
4
2
3
6
4
0
1
4987
5071
945
2358
5655
2457
9516
6805
8177
4368
5494
7895
3909
3004
373
1484
974
6630
9286
7508
1280
8648
506
1745
5958
539
783
3765
8868
3455
5421
6252
5892
4840
7127
3555
5483
2669
5325
3454
4461
1670
9803
973
2806
2091
6726
3815
3876
4610
3494
7570
7765
3073
7038
7249
7722
1114
1876
8914
7384
4092
1879
227
5573
1679
9711
7516
3214
9127
3908
1035
3141
1270
1921
9028
600
490
96
2665
2903
6150
9939
9226
8310
7426
6099
5378
3256
6954
434
2697
5450
8049
5717
6468
1736
984
806
3012
