9.446 560
9.179 485
9.397 564
9.226 72
9.540 118
9.457 184
9.746 251
9.603 365
9.247 328
9.875 892
10.000 79
9.812 181
9.129 114
9.150 885
9.079 487
9.398 22
9.250 741
9.371 612
8.852 413
9.045 566
8.982 385
9.427 80
9.507 218
9.690 618
9.483 630
9.316 455
9.130 55
9.375 856
9.466 292
9.376 662
10.000 468
9.489 296
8.881 255
9.122 309
9.502 105
9.350 201
9.534 120
8.888 307
9.209 333
9.144 512
9.739 425
9.482 93
9.189 41
9.385 379
10.000 238
9.709 456
9.308 442
10.000 122
9.023 548
9.250 152
9.192 474
9.657 710
9.283 175
9.110 182
9.652 749
9.555 743
9.410 550
10.000 282
9.189 651
9.206 451
9.302 10
9.511 188
9.322 218
9.269 550
10.000 398
9.544 513
9.200 425
9.443 432
9.364 553
9.502 597
9.278 100
9.352 170
9.500 741
9.355 265
9.192 552
9.441 381
9.414 411
9.807 447
9.333 465
9.279 151
9.469 714
10.000 283
9.207 271
10.000 629
9.291 515
9.469 707
9.554 589
9.473 826
8.974 384
9.267 402
9.301 656
9.277 297
9.634 576
10.000 766
10.000 234
9.422 262
9.008 443
9.654 38
8.741 36
9.183 304
9.422 595
8.910 653
9.337 683
9.098 541
9.805 632
9.225 588
9.187 426
10.000 328
9.479 400
9.210 485
9.087 372
8.827 191
9.429 568
9.375 219
9.262 101
9.378 772
9.475 548
9.366 488
9.234 247
9.363 231
9.500 395
9.454 499
9.705 190
9.280 242
9.405 80
9.595 278
9.268 513
9.590 536
9.540 500
9.107 256
9.524 549
9.275 304
9.430 303
9.004 685
9.618 574
9.524 646
10.000 266
9.378 663
9.849 298
8.934 682
9.636 156
9.744 56
9.454 147
9.201 32
9.250 304
9.202 335
9.119 220
9.493 654
9.452 2
9.290 307
10.000 727
9.175 484
9.859 487
9.083 226
9.625 427
9.159 436
9.315 248
9.767 694
9.059 771
9.278 969
9.278 76
9.533 906
9.327 431
9.538 368
9.268 641
9.003 8
9.445 653
9.692 671
9.232 18
9.537 721
9.120 463
9.247 16
9.356 761
9.134 698
9.291 17
9.286 607
10.000 356
9.357 357
9.456 354
9.555 116
9.493 570
9.400 370
9.612 288
9.419 585
9.480 66
9.149 203
9.661 15
9.515 34
9.417 375
9.486 872
9.537 393
9.167 635
9.270 227
9.601 403
9.277 473
10.000 128
9.577 202
9.558 64
9.357 932
9.412 127
